Início da execução do ClickSignController - Função Assinar
Parâmetros recebidos - Cliente: gnappC93fLq7RxKZVp28HswuAYMe1, SPA: 1054, Deal: 1594
Webhook e Token ClickSign recebidos.
Resultado completo do Deal: Array
(
    [result] => Array
        (
            [item] => Array
                (
                    [id] => 1594
                    [xmlId] => 
                    [title] => Gf - 
                    [createdBy] => 21
                    [updatedBy] => 43
                    [movedBy] => 21
                    [createdTime] => 2025-05-30T06:35:20+03:00
                    [updatedTime] => 2025-06-05T13:43:04+03:00
                    [movedTime] => 2025-05-31T23:07:53+03:00
                    [categoryId] => 195
                    [opened] => N
                    [stageId] => DT1054_195:UC_GPZOOS
                    [previousStageId] => DT1054_195:NEW
                    [begindate] => 2025-05-30T03:00:00+03:00
                    [closedate] => 2025-06-06T03:00:00+03:00
                    [companyId] => 145910
                    [contactId] => 0
                    [opportunity] => 10430.23
                    [isManualOpportunity] => Y
                    [taxValue] => 0
                    [currencyId] => BRL
                    [mycompanyId] => 0
                    [sourceId] => CALL
                    [sourceDescription] => 
                    [webformId] => 0
                    [ufCrm41_1742220550] => 
                    [ufCrm41_1742220629] => 
                    [ufCrm41_1727723173] => 
                    [ufCrm41_1727788298] => Solicitante - Gabriel Acker
                    [ufCrm41_1727789848] => DT1054_195:UC_GPZOOS
                    [ufCrm41_1727790382] => 31/05/2025 17:07:53 - Gabriel Acker - Demandas e Projetos/Nome
__________________
31/05/2025 17:07:15 - Gabriel Acker - Demandas e Projetos/Solicitações
__________________
31/05/2025 11:53:51 - Gabriel Acker - Demandas e Projetos/Nome
__________________
31/05/2025 11:53:49 - Gabriel Acker - Demandas e Projetos/Solicitações
__________________
31/05/2025 11:53:13 - Gabriel Acker - Demandas e Projetos/Nome
__________________
31/05/2025 11:53:09 - Gabriel Acker - Demandas e Projetos/Solicitações
__________________
30/05/2025 14:29:53 - Gabriel Acker - Demandas e Projetos/Nome
__________________
30/05/2025 14:29:50 - Gabriel Acker - Demandas e Projetos/Solicitações
__________________
30/05/2025 14:24:30 - Gabriel Acker - Demandas e Projetos/Nome
__________________
30/05/2025 14:24:26 - Gabriel Acker - Demandas e Projetos/Solicitações
__________________
30/05/2025 02:14:46 - Gabriel Acker - Demandas e Projetos/Nome
__________________
30/05/2025 02:14:37 - Gabriel Acker - Demandas e Projetos/Solicitações
__________________
30/05/2025 00:53:29 - Gabriel Acker - Demandas e Projetos/Nome
__________________
30/05/2025 00:53:26 - Gabriel Acker - Demandas e Projetos/Solicitações
__________________
30/05/2025 00:49:33 - Gabriel Acker - Demandas e Projetos/Nome
__________________
30/05/2025 00:49:30 - Gabriel Acker - Demandas e Projetos/Solicitações
__________________
30/05/2025 00:44:27 - Gabriel Acker - Demandas e Projetos/Nome
__________________
30/05/2025 00:44:23 - Gabriel Acker - Demandas e Projetos/Solicitações
__________________
30/05/2025 00:35:25 - Gabriel Acker - Demandas e Projetos/Nome
__________________
30/05/2025 00:35:20 - Gabriel Acker -Demandas e Projetos/Solicitações
                    [ufCrm41_1727793610] => Array
                        (
                        )

                    [ufCrm41_1727793694] => Array
                        (
                        )

                    [ufCrm41_1727793733] => Array
                        (
                        )

                    [ufCrm41_1727805418] => 
                    [ufCrm41_1727811443] => 
                    [ufCrm41_1727877589] => 
                    [ufCrm41_1727879386] => 
                    [ufCrm41_1737477362] => 
                    [ufCrm41_1737477562] => Array
                        (
                        )

                    [ufCrm41_1737516340] => Array
                        (
                        )

                    [ufCrm41_1737643573] => 
                    [ufCrm41_1738938829] => 
                    [ufCrm41_1742074465] => 
                    [ufCrm41_1742074498] => 
                    [ufCrm41_1742082168] => 
                    [ufCrm41_1727788237] => 
                    [ufCrm41_1727788277] => Solicitante - Gabriel Acker
                    [ufCrm41_1727790448] => 31/05/2025 17:07:53 - Gabriel Acker - Demandas e Projetos/Nome
__________________
31/05/2025 17:07:15 - Gabriel Acker - Demandas e Projetos/Solicitações
__________________
31/05/2025 11:53:51 - Gabriel Acker - Demandas e Projetos/Nome
__________________
31/05/2025 11:53:49 - Gabriel Acker - Demandas e Projetos/Solicitações
__________________
31/05/2025 11:53:13 - Gabriel Acker - Demandas e Projetos/Nome
__________________
31/05/2025 11:53:09 - Gabriel Acker - Demandas e Projetos/Solicitações
__________________
30/05/2025 14:29:53 - Gabriel Acker - Demandas e Projetos/Nome
__________________
30/05/2025 14:29:50 - Gabriel Acker - Demandas e Projetos/Solicitações
__________________
30/05/2025 14:24:30 - Gabriel Acker - Demandas e Projetos/Nome
__________________
30/05/2025 14:24:26 - Gabriel Acker - Demandas e Projetos/Solicitações
__________________
30/05/2025 02:14:46 - Gabriel Acker - Demandas e Projetos/Nome
__________________
30/05/2025 02:14:37 - Gabriel Acker - Demandas e Projetos/Solicitações
__________________
30/05/2025 00:53:29 - Gabriel Acker - Demandas e Projetos/Nome
__________________
30/05/2025 00:53:26 - Gabriel Acker - Demandas e Projetos/Solicitações
__________________
30/05/2025 00:49:33 - Gabriel Acker - Demandas e Projetos/Nome
__________________
30/05/2025 00:49:30 - Gabriel Acker - Demandas e Projetos/Solicitações
__________________
30/05/2025 00:44:27 - Gabriel Acker - Demandas e Projetos/Nome
__________________
30/05/2025 00:44:23 - Gabriel Acker - Demandas e Projetos/Solicitações
__________________
30/05/2025 00:35:25 - Gabriel Acker - Demandas e Projetos/Nome
__________________
30/05/2025 00:35:20 - Gabriel Acker -Demandas e Projetos/Solicitações
                    [ufCrm41_1727791063] => 2025-05-31T23:07:54+03:00
                    [ufCrm41_1727793339] => Array
                        (
                            [0] => 8935
                        )

                    [ufCrm41_1727793536] => 
                    [ufCrm41_1727802471] => 
                    [ufCrm41_1727802593] => Array
                        (
                            [0] => Array
                                (
                                    [id] => 3052662
                                    [url] => https://gnapp.bitrix24.com.br/bitrix/services/main/ajax.php?action=crm.controller.item.getFile&SITE_ID=s1&entityTypeId=1054&id=1594&fieldName=UF_CRM_41_1727802593&fileId=3052662
                                    [urlMachine] => https://gnapp.bitrix24.com.br/rest/21/348n8xqhp06wp41c/crm.controller.item.getFile/?token=crm%7CYWN0aW9uPWNybS5jb250cm9sbGVyLml0ZW0uZ2V0RmlsZSZTSVRFX0lEPXMxJmVudGl0eVR5cGVJZD0xMDU0JmlkPTE1OTQmZmllbGROYW1lPVVGX0NSTV80MV8xNzI3ODAyNTkzJmZpbGVJZD0zMDUyNjYyJl89NTduWTNoNzJsVDYwQkZsRUFKaEYxdTBxSEw4TzQ1U1o%3D%7CImNybS5jb250cm9sbGVyLml0ZW0uZ2V0ZmlsZXxjcm18WVdOMGFXOXVQV055YlM1amIyNTBjbTlzYkdWeUxtbDBaVzB1WjJWMFJtbHNaU1pUU1ZSRlgwbEVQWE14Sm1WdWRHbDBlVlI1Y0dWSlpEMHhNRFUwSm1sa1BURTFPVFFtWm1sbGJHUk9ZVzFsUFZWR1gwTlNUVjgwTVY4eE56STNPREF5TlRrekptWnBiR1ZKWkQwek1EVXlOall5Smw4OU5UZHVXVE5vTnpKc1ZEWXdRa1pzUlVGS2FFWXhkVEJ4U0V3NFR6UTFVMW89fDIxfDM0OG44eHFocDA2d3A0MWMi.9J7JdN8uzbhGZLmTiEP73cbgqRrvfFrhVN7rFICRX3o%3D
                                )

                        )

                    [ufCrm41_1727805215] => 2025-06-12T03:00:00+03:00
                    [ufCrm41_1727805331] => Array
                        (
                        )

                    [ufCrm41_1727808278] => Array
                        (
                        )

                    [ufCrm41_1727873180] => 
                    [ufCrm41_1727877194] => Array
                        (
                        )

                    [ufCrm41_1737476071] => Gf
                    [ufCrm41_1737476106] => 
                    [ufCrm41_1737476188] => 
                    [ufCrm41_1737476204] => 
                    [ufCrm41_1737476250] => 
                    [ufCrm41_1737476320] => 
                    [ufCrm41_1737476922] => 
                    [ufCrm41_1737477617] => 
                    [ufCrm41_1737477674] => www.teste.com
                    [ufCrm41_1737477724] => gabriel acker123
                    [ufCrm41_1737476157] => Array
                        (
                        )

                    [ufCrm41_1737479460] => 
                    [ufCrm41_1737479526] => 
                    [ufCrm41_1737516173] => 
                    [ufCrm41_1737637642] => 
                    [ufCrm41_1737639200] => 
                    [ufCrm41_1737639536] => Array
                        (
                        )

                    [ufCrm41_1737672853] => 
                    [ufCrm41_1739794729] => 
                    [ufCrm41_1742071141] => 
                    [ufCrm41_1742071165] => 
                    [ufCrm41_1742071203] => 
                    [ufCrm41_1742071219] => 
                    [ufCrm41_1742071291] => 
                    [ufCrm41_1742071328] => 
                    [ufCrm41_1742071347] => 
                    [ufCrm41_1742074518] => 
                    [ufCrm41_1742081702] => 
                    [ufCrm41_1742299164] => 
                    [ufCrm41_1742302773] => Array
                        (
                        )

                    [ufCrm41_1745417295] => 
                    [ufCrm41_1745417489] => Array
                        (
                        )

                    [ufCrm41_1747700402] => Array
                        (
                            [0] => 8935
                        )

                    [ufCrm41_1747700459] => Array
                        (
                        )

                    [ufCrm41_1741724001] => 
                    [ufCrm41_1741724082] => 
                    [ufCrm41_1741724122] => 
                    [assignedById] => 5948
                    [lastActivityBy] => 21
                    [lastActivityTime] => 2025-05-30T06:35:20+03:00
                    [lastCommunicationTime] => 
                    [lastCommunicationCallTime] => 
                    [lastCommunicationEmailTime] => 
                    [lastCommunicationImolTime] => 
                    [lastCommunicationWebformTime] => 
                    [utmSource] => 
                    [utmMedium] => 
                    [utmCampaign] => 
                    [utmContent] => 
                    [utmTerm] => 
                    [observers] => Array
                        (
                        )

                    [contactIds] => Array
                        (
                        )

                    [entityTypeId] => 1054
                )

        )

    [time] => Array
        (
            [start] => 1749196485.427
            [finish] => 1749196485.5031
            [duration] => 0.076071977615356
            [processing] => 0.057819128036499
            [date_start] => 2025-06-06T10:54:45+03:00
            [date_finish] => 2025-06-06T10:54:45+03:00
            [operating_reset_at] => 1749197085
            [operating] => 0
        )

)

Resultado completo do CRM Company: Array
(
    [ID] => 145910
    [COMPANY_TYPE] => UC_YAPCP3
    [TITLE] => 55.364.436 GUSTAVO FREITAS METZ
    [LOGO] => 
    [LEAD_ID] => 
    [HAS_PHONE] => Y
    [HAS_EMAIL] => N
    [HAS_IMOL] => N
    [ASSIGNED_BY_ID] => 43
    [CREATED_BY_ID] => 0
    [MODIFY_BY_ID] => 43
    [BANKING_DETAILS] => 
    [INDUSTRY] => IT
    [REVENUE] => 0
    [CURRENCY_ID] => BRL
    [EMPLOYEES] => EMPLOYEES_1
    [COMMENTS] => 
    [DATE_CREATE] => 2025-03-18T00:21:44+03:00
    [DATE_MODIFY] => 2025-06-05T13:43:04+03:00
    [OPENED] => Y
    [IS_MY_COMPANY] => N
    [ORIGINATOR_ID] => 
    [ORIGIN_ID] => 
    [ORIGIN_VERSION] => 
    [LAST_ACTIVITY_TIME] => 2025-03-18T00:21:44+03:00
    [ADDRESS] => RUA ALBERTO TORRES,  100 - MORADA DO VALE I, GRAVATAI-RS - 94110210
    [ADDRESS_2] => 
    [ADDRESS_CITY] => 
    [ADDRESS_POSTAL_CODE] => 
    [ADDRESS_REGION] => 
    [ADDRESS_PROVINCE] => 
    [ADDRESS_COUNTRY] => 
    [ADDRESS_COUNTRY_CODE] => 
    [ADDRESS_LOC_ADDR_ID] => 188216
    [ADDRESS_LEGAL] => 
    [REG_ADDRESS] => 
    [REG_ADDRESS_2] => 
    [REG_ADDRESS_CITY] => 
    [REG_ADDRESS_POSTAL_CODE] => 
    [REG_ADDRESS_REGION] => 
    [REG_ADDRESS_PROVINCE] => 
    [REG_ADDRESS_COUNTRY] => 
    [REG_ADDRESS_COUNTRY_CODE] => 
    [REG_ADDRESS_LOC_ADDR_ID] => 
    [UTM_SOURCE] => 
    [UTM_MEDIUM] => 
    [UTM_CAMPAIGN] => 
    [UTM_CONTENT] => 
    [UTM_TERM] => 
    [PARENT_ID_151] => 
    [PARENT_ID_190] => 
    [LAST_ACTIVITY_BY] => 0
    [LAST_COMMUNICATION_TIME] => 
    [UF_CRM_1672756673] => Array
        (
        )

    [UF_CRM_1688673341] => Array
        (
        )

    [UF_CRM_1691163730] => 2024-06-03T03:00:00+03:00
    [UF_CRM_1691163958] => 
    [UF_CRM_1691164127] => Array
        (
        )

    [UF_CRM_1691164128] => Array
        (
        )

    [UF_CRM_1691165765] => Array
        (
        )

    [UF_CRM_1691165766] => Array
        (
        )

    [UF_CRM_1691165767] => Array
        (
        )

    [UF_CRM_1691166110] => 
    [UF_CRM_1691166561] => 
    [UF_CRM_1692234818] => 55.364.436/0001-51
    [UF_CRM_1692235352] => 14025
    [UF_CRM_1693664292] => Array
        (
        )

    [UF_CRM_1693664339] => 
    [UF_CRM_1695274264] => Array
        (
        )

    [UF_CRM_1695274465] => 
    [UF_CRM_1696339800] => ATIVA
    [UF_CRM_1696339884] => Empresário (Individual)
    [UF_CRM_1696340002] => MICRO EMPRESA
    [UF_CRM_1696340066] => 1000|BRL
    [UF_CRM_1702488807] => 
    [UF_CRM_1702488871] => 
    [UF_CRM_1704219480] => 
    [UF_CRM_1704323710] => 
    [UF_CRM_1704323923] => 100
    [UF_CRM_1704387779] => 
    [UF_CRM_1704387804] => 
    [UF_CRM_1704394229] => 
    [UF_CRM_1704481636] => 
    [UF_CRM_1643894689490] => 55.364.436 GUSTAVO FREITAS METZ
    [UF_CRM_1644258897404] => 
    [UF_CRM_1645140434] => 
    [UF_CRM_1701979153] => 
    [UF_CRM_1701979154] => 
    [UF_CRM_1701979155] => 
    [UF_CRM_1701979156] => 
    [UF_CRM_1701979157] => 
    [UF_CRM_1701979158] => 
    [UF_CRM_1701979291] => 
    [UF_CRM_1701979515] => 
    [UF_CRM_1709056424] => 
    [UF_CRM_1641692149709] => 
    [UF_CRM_1645141153] => 
    [UF_CRM_1645141733685] => 8219999 - Preparação de documentos e serviços especializados de apoio administrativo não especificados anteriormente
    [UF_CRM_1657666552] => 
    [UF_CRM_1668631002] => 
    [UF_CRM_1669655801] => 
    [UF_CRM_1694551535] => Array
        (
        )

    [UF_CRM_1645560767614] => 
    [UF_CRM_1651170686] => 373
    [UF_CRM_1668600759] => 
    [UF_CRM_1668600791] => 
    [UF_CRM_1668600820] => 
    [UF_CRM_1668600839] => 
    [UF_CRM_1668600890] => 
    [UF_CRM_1668600920] => 
    [UF_CRM_1668600942] => 
    [UF_CRM_1668600970] => 
    [UF_CRM_1668600988] => 
    [UF_CRM_1668601040] => 
    [UF_CRM_1668601060] => 
    [UF_CRM_COMPANY_1669406774451] => 
    [UF_CRM_1674137335599] => 
    [UF_CRM_1674137383518] => 
    [UF_CRM_1674236475] => 
    [UF_CRM_1674562822] => Array
        (
        )

    [UF_CRM_1694199887] => 
    [UF_CRM_1698339110] => Array
        (
        )

    [UF_CRM_1698339214] => Array
        (
        )

    [UF_CRM_1698409204] => 
    [UF_CRM_1698410418] => 
    [UF_CRM_1698411779] => 
    [UF_CRM_1698412075] => 
    [UF_CRM_1700593885] => RS
    [UF_CRM_1700686239] => 
    [UF_CRM_1700760357] => 
    [UF_CRM_1700762638] => 
    [UF_CRM_1700762671] => 
    [UF_CRM_1700763231] => 
    [UF_CRM_1701873029] => 
    [UF_CRM_1701873100] => 
    [UF_CRM_1709159593] => 
    [UF_CRM_1709159875] => Array
        (
        )

    [UF_CRM_1709364332] => 
    [UF_CRM_1709490305] => 
    [UF_CRM_1710270546] => 
    [UF_CRM_1714519513] => 
    [UF_CRM_1714519596] => 
    [UF_CRM_1720722209] => 
    [UF_CRM_1721841610] => 
    [UF_CRM_1721934428] => 
    [UF_CRM_1726241349] => 0
    [UF_CRM_1728504326] => Array
        (
        )

    [UF_CRM_1730400628] => 
    [UF_CRM_1734552039] => 
    [UF_CRM_1739973911] => 
    [UF_CRM_CHATAPP_DIALOG] => 
    [UF_CRM_1740765123] => 
    [UF_CRM_1741988810625] => 0
    [UF_CRM_1743101223] => 
    [UF_CRM_680F7E3837834] => 
    [UF_CRM_680F7E520964A] => 
    [UF_CRM_680F7E7029542] => 
    [UF_CRM_680F7E8D0C5A6] => 
    [UF_CRM_680F7EA9ECFCF] => 
    [UF_CRM_680F7EC6C7B07] => 
    [UF_CRM_1664471352] => 
    [UF_CRM_1710268217] => 0 - 
    [UF_CRM_1733427726] => 
    [UF_CRM_1733767279] => Array
        (
            [0] => 51992254246
            [1] => 55
        )

    [UF_CRM_1733771508] => Gabriel
    [UF_CRM_1733837124] => 
    [UF_CRM_1733848071] => Array
        (
        )

    [UF_CRM_1733886789] => Array
        (
        )

    [UF_CRM_1733921345] => Array
        (
        )

    [UF_CRM_1736364901] => Array
        (
        )

    [UF_CRM_1736365033] => Array
        (
        )

    [UF_CRM_1737035300] => 
    [UF_CRM_1739559465] => 
    [UF_CRM_1739985773] => 
    [UF_CRM_1739990925] => Array
        (
        )

    [UF_CRM_1741356758] => 
    [UF_CRM_1742233369] => 55.364.436 GUSTAVO FREITAS METZ
    [UF_CRM_1742307583] => 
    [UF_CRM_1645191485] => Array
        (
        )

    [UF_CRM_BIRTHDATE] => 
    [UF_CRM_ADDRESS_2] => 
    [UF_CRM_ADDRESS_CITY] => GRAVATAI
    [UF_CRM_ADDRESS_POSTAL_CODE] => 
    [UF_CRM_SOURCE_DESCRIPTION] => 
    [UF_CRM_FULL_ADDRESS] => RUA ALBERTO TORRES,  100 - MORADA DO VALE I, GRAVATAI-RS - 94110210
    [UF_CRM_ADDRESS_REGION] => 
    [UF_CRM_NAME] => 
    [UF_CRM_ADDRESS_COUNTRY] => 
    [UF_CRM_POST] => 
    [UF_CRM_1669746324] => 
    [UF_CRM_1670006149] => 
    [UF_CRM_1669666636] => 
    [UF_CRM_1669745949] => 
    [UF_CRM_1656536665] => 
    [UF_CRM_CONTACT_1669406858435] => 
    [UF_CRM_1669666699] => 
    [UF_CRM_1669666387] => 
    [UF_CRM_1670008770] => 
    [UF_CRM_1669924699] => 
    [UF_CRM_1669672447] => 
    [UF_CRM_1656537830] => 
    [UF_CRM_1656014383] => 
    [UF_CRM_1656014399] => 
    [UF_CRM_1656536744] => 
    [UF_CRM_1669746583] => 
    [UF_CRM_1669662151] => Array
        (
        )

    [UF_CRM_1656537733] => 
    [UF_CRM_1669753303] => 
    [UF_CRM_CONTACT_1669409021562] => 
    [UF_CRM_1669666566] => 
    [UF_CRM_1645032640098] => 
    [UF_CRM_1656537928] => Array
        (
        )

    [UF_CRM_1669745882] => 
    [UF_CRM_1656537768] => Array
        (
        )

    [UF_CRM_1656538152] => Array
        (
        )

    [UF_CRM_1656537694] => 
    [UF_CRM_1669662334] => Array
        (
        )

    [UF_CRM_CONTACT_1669407111265] => 
    [UF_CRM_1670272691] => 
    [UF_CRM_1669664898] => 
    [UF_CRM_1670001510] => 
    [UF_CRM_1669666781] => 
    [UF_CRM_1656014515] => 
    [UF_CRM_1656538007] => Array
        (
        )

    [UF_CRM_1669746560] => 
    [UF_CRM_1669746514] => 
    [UF_CRM_1669746542] => 
    [UF_CRM_1669666619] => 
    [UF_CRM_1656014446] => 
    [UF_CRM_IS_RETURN_CUSTOMER] => 0
    [UF_CRM_ORDER_IDS] => Array
        (
        )

    [UF_CRM_PRODUCT_IDS] => Array
        (
        )

    [UF_CRM_IS_REPEATED_APPROACH] => 0
    [UF_CRM_CLOSEDATE] => 
    [UF_CRM_BEGINDATE] => 
    [UF_CRM_EVENT_DATE] => 
    [UF_CRM_EVENT_DESCRIPTION] => 
    [UF_CRM_CLOSED] => 0
    [UF_CRM_OPPORTUNITY_ACCOUNT] => 
    [UF_CRM_PROBABILITY] => 
    [UF_CRM_OPPORTUNITY] => 
    [UF_CRM_CONTACT_IDS] => Array
        (
        )

    [UF_CRM_ACCOUNT_CURRENCY_ID] => 
    [UF_CRM_CATEGORY_ID] => 
    [UF_CRM_EVENT_ID] => 
    [UF_CRM_COMPANY_ID] => 
    [UF_CRM_ADDRESS_PROVINCE] => 
    [UF_CRM_SOURCE_ID] => 
    [UF_CRM_1669659853] => 
    [UF_CRM_1656536794] => 
    [UF_CRM_1656536990] => 
    [UF_CRM_1645032551297] => 
    [UF_CRM_1718659883] => 
    [UF_CRM_1670018058] => 
    [UF_CRM_1656536814] => 
    [UF_CRM_1669659875] => 
    [UF_CRM_1651148798] => 
    [UF_CRM_1656592471] => 
    [UF_CRM_1696964149] => 
    [UF_CRM_1641693445101] => 55.364.436/0001-51
    [UF_CRM_1723815981] => Array
        (
            [0] => 0 - 
        )

    [UF_CRM_1725039519] => 0
    [UF_CRM_1727112992] => 
    [UF_CRM_1728426454] => 
    [UF_CRM_1732048400] => 
    [UF_CRM_1733341156] => 
    [UF_CRM_1733341212] => 
    [UF_CRM_1733341295] => 
    [UF_CRM_1733341386] => 
    [UF_CRM_1733341452] => 
    [UF_CRM_1736518549] => Array
        (
        )

    [UF_CRM_1736946318] => 
    [UF_CRM_1737419707] => 
    [UF_CRM_1737420202] => 
    [UF_CRM_1737420203] => 
    [UF_CRM_1737420204] => 
    [UF_CRM_1737420435] => Array
        (
        )

    [UF_CRM_1737420610] => 
    [UF_CRM_1737559553] => 
    [UF_CRM_1737559590] => Array
        (
        )

    [UF_CRM_1737560201] => 0
    [UF_CRM_1738847389] => 
    [UF_CRM_1738859879] => 
    [UF_CRM_1739391857] => Array
        (
        )

    [UF_CRM_1739972394] => 
    [UF_CRM_1739990174] => Array
        (
        )

    [UF_CRM_1740054057] => 
    [UF_CRM_1740054110] => 
    [UF_CRM_1740055604] => 
    [UF_CRM_1740068334] => 
    [UF_CRM_1740414581] => 
    [UF_CRM_1740414633] => 
    [UF_CRM_1740414680] => 
    [UF_CRM_1740415222] => Array
        (
        )

    [UF_CRM_1740415329] => Array
        (
        )

    [UF_CRM_1740415552] => 
    [UF_CRM_1740415626] => 
    [UF_CRM_1740659071] => 
    [UF_CRM_1740748163] => 0
    [UF_CRM_1740763026] => 
    [UF_CRM_1740763094] => 
    [UF_CRM_1740763213] => 
    [UF_CRM_1741284183] => 
    [UF_CRM_1741636338] => 
    [UF_CRM_1742303240] => 
    [UF_CRM_1747161329] => 
    [UF_CRM_1748893926] => 
    [UF_CRM_1748893996] => 
    [UF_CRM_1748893997] => 
    [UF_CRM_1748893998] => 
    [UF_CRM_1748894247] => 
    [UF_CRM_1748894311] => 
    [UF_CRM_1748894312] => 
    [UF_CRM_1748894313] => 
    [UF_CRM_1748894314] => 
    [UF_CRM_1748894560] => 
    [UF_CRM_1748895739] => 
    [UF_CRM_1748955982] => 
    [UF_CRM_1748983029] => 
    [UF_CRM_1748983103] => 
    [UF_CRM_1728333407] => 
    [UF_CRM_1728333443] => 
    [UF_CRM_1728425720] => 
    [UF_CRM_1728425746] => 
    [UF_CRM_1728425806] => 
    [UF_CRM_1730400554] => 
    [UF_CRM_1730400661] => 
    [UF_CRM_1730400695] => 
    [UF_CRM_1731359024] => Array
        (
        )

    [UF_CRM_1654555006] => 
    [UF_CRM_1709084143] => Array
        (
        )

    [UF_CRM_1709084163] => Array
        (
        )

    [UF_CRM_1644252739] => 
    [UF_CRM_1669408406] => 
    [UF_CRM_1681766968] => 
    [UF_CRM_1671656794] => Array
        (
        )

    [UF_CRM_1671656731] => 
    [UF_CRM_1649985165] => Array
        (
        )

    [UF_CRM_1692725859] => Array
        (
        )

    [UF_CRM_1692725894] => Array
        (
        )

    [UF_CRM_1651149426] => 
    [UF_CRM_1698258210] => 
    [UF_CRM_1701084275] => Array
        (
        )

    [UF_CRM_1656459626] => 
    [UF_CRM_1656459730] => 
    [UF_CRM_1656460526] => Array
        (
        )

    [UF_CRM_1663336172] => 
    [UF_CRM_1663336200] => 
    [UF_CRM_1663336233] => 
    [UF_CRM_1663336249] => 
    [UF_CRM_1672681450] => 
    [UF_CRM_1658794276] => 
    [UF_CRM_1660092874] => Array
        (
        )

    [UF_CRM_1656466269] => 
    [UF_CRM_1657239222] => 
    [UF_CRM_1657239287] => 
    [UF_CRM_1657316773] => 
    [UF_CRM_1657317034] => 
    [UF_CRM_1657317075] => 
    [UF_CRM_1657666567] => 94110210
    [UF_CRM_1657666583] => RUA ALBERTO TORRES
    [UF_CRM_1657666626] => 
    [UF_CRM_1657666659] => FUNDOS
    [UF_CRM_1657666676] => MORADA DO VALE I
    [UF_CRM_1658432974] => 
    [UF_CRM_1658433013] => 
    [UF_CRM_1658591380] => 
    [UF_CRM_1658946081] => 
    [UF_CRM_1658946618] => 
    [UF_CRM_1658964260] => 
    [UF_CRM_1659015910] => 
    [UF_CRM_1659015943] => 
    [UF_CRM_1659015956] => 
    [UF_CRM_1659016000] => 
    [UF_CRM_1659016007] => 
    [UF_CRM_1660100679] => 
    [UF_CRM_1667217509] => 
    [UF_CRM_1667217543] => 
    [UF_CRM_1667217565] => 
    [UF_CRM_1659842331] => Array
        (
        )

    [UF_CRM_1669387590] => 
    [UF_CRM_1669387634] => 
    [UF_CRM_1669644896] => 
    [UF_CRM_1659136269] => 
    [UF_CRM_1661448853] => 
    [UF_CRM_1662408129] => 
    [UF_CRM_1659828591] => 
    [UF_CRM_1664222090] => 
    [UF_CRM_1668373435] => 
    [UF_CRM_1668373436] => 
    [UF_CRM_1668373437] => 
    [UF_CRM_1668373438] => 
    [UF_CRM_1665441256] => 
    [UF_CRM_1663093208] => 
    [UF_CRM_1663097429] => 
    [UF_CRM_1667593061] => 
    [UF_CRM_1668106241221] => 
    [UF_CRM_1668222923] => 
    [UF_CRM_1668390379] => 
    [UF_CRM_1668390405] => 
    [UF_CRM_1668390406] => 
    [UF_CRM_1668390407] => 
    [UF_CRM_1668390408] => 
    [UF_CRM_1668390409] => 
    [UF_CRM_1669655802] => 
    [UF_CRM_1669655803] => 
    [UF_CRM_1669655968] => 
    [UF_CRM_1669659326] => 
    [UF_CRM_1669659348] => 
    [UF_CRM_1669663046] => 
    [UF_CRM_1669665156] => Array
        (
        )

    [UF_CRM_1669914077] => 
    [UF_CRM_1670001427] => 
    [UF_CRM_1670272797] => 
    [UF_CRM_1670274109] => 
    [UF_CRM_1670529900] => 
    [UF_CRM_1672683523] => Array
        (
        )

    [UF_CRM_1670268366] => 
    [UF_CRM_1670268383] => 
    [UF_CRM_1670268846] => 
    [UF_CRM_1670261459] => 5192254246
    [UF_CRM_1696339093] => 
    [UF_CRM_1696352922] => 
    [UF_CRM_1696352975] => 
    [UF_CRM_1696353042] => 
    [UF_CRM_1699556924] => 
    [UF_CRM_1673377642] => 
    [UF_CRM_1673621580] => 
    [UF_CRM_1673621656] => 
    [UF_CRM_1673621679] => 
    [UF_CRM_1673542575] => 
    [UF_CRM_1673543092] => 
    [UF_CRM_1673621123] => 
    [UF_CRM_1673621766] => Informar caso conferencia seja pelo Cliente
    [UF_CRM_1682262271] => 
    [UF_CRM_1671571578] => 
    [UF_CRM_1657836239] => 
    [UF_CRM_1657909972] => 
    [UF_CRM_1666135487] => Array
        (
        )

    [UF_CRM_1666135488] => Array
        (
        )

    [UF_CRM_1666135498] => Array
        (
        )

    [UF_CRM_1666135579] => Array
        (
        )

    [UF_CRM_1666378194] => Array
        (
        )

    [UF_CRM_1682364345] => Array
        (
        )

    [UF_CRM_1669657721] => Array
        (
        )

    [UF_CRM_1682595010] => 
    [UF_CRM_1672865443] => 
    [UF_CRM_1673634981] => 
    [UF_CRM_1666008119] => 
    [UF_CRM_1666008144] => 
    [UF_CRM_1666008160] => 
    [UF_CRM_1666008181] => 
    [UF_CRM_1666008218] => 
    [UF_CRM_1666008267] => 
    [UF_CRM_1666207790] => 
    [UF_CRM_1666472411] => 
    [UF_CRM_1666126475] => 
    [UF_CRM_1681905036] => 10067
    [UF_CRM_1679078958] => 
    [UF_CRM_1681130844] => 
    [UF_CRM_1681238133522] => 
    [UF_CRM_1683137552] => 
    [UF_CRM_1679089998] => 
    [UF_CRM_1679509692] => 
    [UF_CRM_1679698054] => 9729
    [UF_CRM_1681490243] => 
    [UF_CRM_1681493265] => 
    [UF_CRM_1681498820] => 
    [UF_CRM_1681498867] => 
    [UF_CRM_1683637174] => Array
        (
        )

    [UF_CRM_1683656028] => Array
        (
        )

    [UF_CRM_1681929855] => 
    [UF_CRM_1685473431] => 
    [UF_CRM_1699379326] => 
    [UF_CRM_1699376333] => 
    [UF_CRM_1699898036] => 
    [UF_CRM_1684436968] => Array
        (
        )

    [UF_CRM_1684436969] => Array
        (
        )

    [UF_CRM_1684436970] => Array
        (
        )

    [UF_CRM_1684436971] => Array
        (
        )

    [UF_CRM_1684436972] => Array
        (
        )

    [UF_CRM_1684437176] => Array
        (
        )

    [UF_CRM_1695306238] => Array
        (
        )

    [UF_CRM_1695306320] => Array
        (
        )

    [UF_CRM_1690305735] => 
    [UF_CRM_1691097632] => 
    [UF_CRM_1700167814] => Array
        (
        )

    [UF_CRM_1683567742] => 
    [UF_CRM_1683569755] => 
    [UF_CRM_1683571444] => 
    [UF_CRM_1683572312] => 
    [UF_CRM_1683572756] => 
    [UF_CRM_1683580042] => 
    [UF_CRM_1683580422] => 
    [UF_CRM_1683580674] => 
    [UF_CRM_1683581010] => 
    [UF_CRM_1683581343] => 
    [UF_CRM_1683584200] => 
    [UF_CRM_1683585279] => 
    [UF_CRM_1683588803] => 
    [UF_CRM_1683636841] => 
    [UF_CRM_1683637355] => 
    [UF_CRM_1683637666] => 
    [UF_CRM_1683639822] => 
    [UF_CRM_1683640233] => 
    [UF_CRM_1683656343] => 
    [UF_CRM_1683853526] => 
    [UF_CRM_1683853655] => 
    [UF_CRM_1683853683] => 
    [UF_CRM_1683853708] => 
    [UF_CRM_1683853774] => 
    [UF_CRM_1683853801] => 
    [UF_CRM_1684469907] => 
    [UF_CRM_1686144443] => 
    [UF_CRM_1691695868] => 
    [UF_CRM_1691695902] => 
    [UF_CRM_1691695925] => 
    [UF_CRM_1691695941] => 
    [UF_CRM_1691695956] => 
    [UF_CRM_1692131168] => 
    [UF_CRM_1693249503] => 
    [UF_CRM_1694551455] => Array
        (
        )

    [PHONE] => Array
        (
            [0] => Array
                (
                    [ID] => 395530
                    [VALUE_TYPE] => WORK
                    [VALUE] => 51992254246
                    [TYPE_ID] => PHONE
                )

            [1] => Array
                (
                    [ID] => 395532
                    [VALUE_TYPE] => WORK
                    [VALUE] => 55
                    [TYPE_ID] => PHONE
                )

        )

)

Arquivos encontrados: Array
(
)

URL do arquivo (urlMachine): 
Início da execução do ClickSignController - Função Assinar
Parâmetros recebidos - Cliente: gnappC93fLq7RxKZVp28HswuAYMe1, SPA: 1054, Deal: 1594
Webhook e Token ClickSign recebidos.
Resultado completo do Deal: Array
(
    [result] => Array
        (
            [item] => Array
                (
                    [id] => 1594
                    [xmlId] => 
                    [title] => Gf - 
                    [createdBy] => 21
                    [updatedBy] => 43
                    [movedBy] => 21
                    [createdTime] => 2025-05-30T06:35:20+03:00
                    [updatedTime] => 2025-06-05T13:43:04+03:00
                    [movedTime] => 2025-05-31T23:07:53+03:00
                    [categoryId] => 195
                    [opened] => N
                    [stageId] => DT1054_195:UC_GPZOOS
                    [previousStageId] => DT1054_195:NEW
                    [begindate] => 2025-05-30T03:00:00+03:00
                    [closedate] => 2025-06-06T03:00:00+03:00
                    [companyId] => 145910
                    [contactId] => 0
                    [opportunity] => 10430.23
                    [isManualOpportunity] => Y
                    [taxValue] => 0
                    [currencyId] => BRL
                    [mycompanyId] => 0
                    [sourceId] => CALL
                    [sourceDescription] => 
                    [webformId] => 0
                    [ufCrm41_1742220550] => 
                    [ufCrm41_1742220629] => 
                    [ufCrm41_1727723173] => 
                    [ufCrm41_1727788298] => Solicitante - Gabriel Acker
                    [ufCrm41_1727789848] => DT1054_195:UC_GPZOOS
                    [ufCrm41_1727790382] => 31/05/2025 17:07:53 - Gabriel Acker - Demandas e Projetos/Nome
__________________
31/05/2025 17:07:15 - Gabriel Acker - Demandas e Projetos/Solicitações
__________________
31/05/2025 11:53:51 - Gabriel Acker - Demandas e Projetos/Nome
__________________
31/05/2025 11:53:49 - Gabriel Acker - Demandas e Projetos/Solicitações
__________________
31/05/2025 11:53:13 - Gabriel Acker - Demandas e Projetos/Nome
__________________
31/05/2025 11:53:09 - Gabriel Acker - Demandas e Projetos/Solicitações
__________________
30/05/2025 14:29:53 - Gabriel Acker - Demandas e Projetos/Nome
__________________
30/05/2025 14:29:50 - Gabriel Acker - Demandas e Projetos/Solicitações
__________________
30/05/2025 14:24:30 - Gabriel Acker - Demandas e Projetos/Nome
__________________
30/05/2025 14:24:26 - Gabriel Acker - Demandas e Projetos/Solicitações
__________________
30/05/2025 02:14:46 - Gabriel Acker - Demandas e Projetos/Nome
__________________
30/05/2025 02:14:37 - Gabriel Acker - Demandas e Projetos/Solicitações
__________________
30/05/2025 00:53:29 - Gabriel Acker - Demandas e Projetos/Nome
__________________
30/05/2025 00:53:26 - Gabriel Acker - Demandas e Projetos/Solicitações
__________________
30/05/2025 00:49:33 - Gabriel Acker - Demandas e Projetos/Nome
__________________
30/05/2025 00:49:30 - Gabriel Acker - Demandas e Projetos/Solicitações
__________________
30/05/2025 00:44:27 - Gabriel Acker - Demandas e Projetos/Nome
__________________
30/05/2025 00:44:23 - Gabriel Acker - Demandas e Projetos/Solicitações
__________________
30/05/2025 00:35:25 - Gabriel Acker - Demandas e Projetos/Nome
__________________
30/05/2025 00:35:20 - Gabriel Acker -Demandas e Projetos/Solicitações
                    [ufCrm41_1727793610] => Array
                        (
                        )

                    [ufCrm41_1727793694] => Array
                        (
                        )

                    [ufCrm41_1727793733] => Array
                        (
                        )

                    [ufCrm41_1727805418] => 
                    [ufCrm41_1727811443] => 
                    [ufCrm41_1727877589] => 
                    [ufCrm41_1727879386] => 
                    [ufCrm41_1737477362] => 
                    [ufCrm41_1737477562] => Array
                        (
                        )

                    [ufCrm41_1737516340] => Array
                        (
                        )

                    [ufCrm41_1737643573] => 
                    [ufCrm41_1738938829] => 
                    [ufCrm41_1742074465] => 
                    [ufCrm41_1742074498] => 
                    [ufCrm41_1742082168] => 
                    [ufCrm41_1727788237] => 
                    [ufCrm41_1727788277] => Solicitante - Gabriel Acker
                    [ufCrm41_1727790448] => 31/05/2025 17:07:53 - Gabriel Acker - Demandas e Projetos/Nome
__________________
31/05/2025 17:07:15 - Gabriel Acker - Demandas e Projetos/Solicitações
__________________
31/05/2025 11:53:51 - Gabriel Acker - Demandas e Projetos/Nome
__________________
31/05/2025 11:53:49 - Gabriel Acker - Demandas e Projetos/Solicitações
__________________
31/05/2025 11:53:13 - Gabriel Acker - Demandas e Projetos/Nome
__________________
31/05/2025 11:53:09 - Gabriel Acker - Demandas e Projetos/Solicitações
__________________
30/05/2025 14:29:53 - Gabriel Acker - Demandas e Projetos/Nome
__________________
30/05/2025 14:29:50 - Gabriel Acker - Demandas e Projetos/Solicitações
__________________
30/05/2025 14:24:30 - Gabriel Acker - Demandas e Projetos/Nome
__________________
30/05/2025 14:24:26 - Gabriel Acker - Demandas e Projetos/Solicitações
__________________
30/05/2025 02:14:46 - Gabriel Acker - Demandas e Projetos/Nome
__________________
30/05/2025 02:14:37 - Gabriel Acker - Demandas e Projetos/Solicitações
__________________
30/05/2025 00:53:29 - Gabriel Acker - Demandas e Projetos/Nome
__________________
30/05/2025 00:53:26 - Gabriel Acker - Demandas e Projetos/Solicitações
__________________
30/05/2025 00:49:33 - Gabriel Acker - Demandas e Projetos/Nome
__________________
30/05/2025 00:49:30 - Gabriel Acker - Demandas e Projetos/Solicitações
__________________
30/05/2025 00:44:27 - Gabriel Acker - Demandas e Projetos/Nome
__________________
30/05/2025 00:44:23 - Gabriel Acker - Demandas e Projetos/Solicitações
__________________
30/05/2025 00:35:25 - Gabriel Acker - Demandas e Projetos/Nome
__________________
30/05/2025 00:35:20 - Gabriel Acker -Demandas e Projetos/Solicitações
                    [ufCrm41_1727791063] => 2025-05-31T23:07:54+03:00
                    [ufCrm41_1727793339] => Array
                        (
                            [0] => 8935
                        )

                    [ufCrm41_1727793536] => 
                    [ufCrm41_1727802471] => 
                    [ufCrm41_1727802593] => Array
                        (
                            [0] => Array
                                (
                                    [id] => 3052662
                                    [url] => https://gnapp.bitrix24.com.br/bitrix/services/main/ajax.php?action=crm.controller.item.getFile&SITE_ID=s1&entityTypeId=1054&id=1594&fieldName=UF_CRM_41_1727802593&fileId=3052662
                                    [urlMachine] => https://gnapp.bitrix24.com.br/rest/21/348n8xqhp06wp41c/crm.controller.item.getFile/?token=crm%7CYWN0aW9uPWNybS5jb250cm9sbGVyLml0ZW0uZ2V0RmlsZSZTSVRFX0lEPXMxJmVudGl0eVR5cGVJZD0xMDU0JmlkPTE1OTQmZmllbGROYW1lPVVGX0NSTV80MV8xNzI3ODAyNTkzJmZpbGVJZD0zMDUyNjYyJl89aVhERUU2TGdibFVzdGhZeTdPcHpDN0ZhdHF0QVVjdzA%3D%7CImNybS5jb250cm9sbGVyLml0ZW0uZ2V0ZmlsZXxjcm18WVdOMGFXOXVQV055YlM1amIyNTBjbTlzYkdWeUxtbDBaVzB1WjJWMFJtbHNaU1pUU1ZSRlgwbEVQWE14Sm1WdWRHbDBlVlI1Y0dWSlpEMHhNRFUwSm1sa1BURTFPVFFtWm1sbGJHUk9ZVzFsUFZWR1gwTlNUVjgwTVY4eE56STNPREF5TlRrekptWnBiR1ZKWkQwek1EVXlOall5Smw4OWFWaEVSVVUyVEdkaWJGVnpkR2haZVRkUGNIcEROMFpoZEhGMFFWVmpkekE9fDIxfDM0OG44eHFocDA2d3A0MWMi.XV%2BFe%2BRoq6E0FfJCF0byt3IrCV2mdkOMrmx6uQpLPp0%3D
                                )

                        )

                    [ufCrm41_1727805215] => 2025-06-12T03:00:00+03:00
                    [ufCrm41_1727805331] => Array
                        (
                        )

                    [ufCrm41_1727808278] => Array
                        (
                        )

                    [ufCrm41_1727873180] => 
                    [ufCrm41_1727877194] => Array
                        (
                        )

                    [ufCrm41_1737476071] => Gf
                    [ufCrm41_1737476106] => 
                    [ufCrm41_1737476188] => 
                    [ufCrm41_1737476204] => 
                    [ufCrm41_1737476250] => 
                    [ufCrm41_1737476320] => 
                    [ufCrm41_1737476922] => 
                    [ufCrm41_1737477617] => 
                    [ufCrm41_1737477674] => www.teste.com
                    [ufCrm41_1737477724] => gabriel acker123
                    [ufCrm41_1737476157] => Array
                        (
                        )

                    [ufCrm41_1737479460] => 
                    [ufCrm41_1737479526] => 
                    [ufCrm41_1737516173] => 
                    [ufCrm41_1737637642] => 
                    [ufCrm41_1737639200] => 
                    [ufCrm41_1737639536] => Array
                        (
                        )

                    [ufCrm41_1737672853] => 
                    [ufCrm41_1739794729] => 
                    [ufCrm41_1742071141] => 
                    [ufCrm41_1742071165] => 
                    [ufCrm41_1742071203] => 
                    [ufCrm41_1742071219] => 
                    [ufCrm41_1742071291] => 
                    [ufCrm41_1742071328] => 
                    [ufCrm41_1742071347] => 
                    [ufCrm41_1742074518] => 
                    [ufCrm41_1742081702] => 
                    [ufCrm41_1742299164] => 
                    [ufCrm41_1742302773] => Array
                        (
                        )

                    [ufCrm41_1745417295] => 
                    [ufCrm41_1745417489] => Array
                        (
                        )

                    [ufCrm41_1747700402] => Array
                        (
                            [0] => 8935
                        )

                    [ufCrm41_1747700459] => Array
                        (
                        )

                    [ufCrm41_1741724001] => 
                    [ufCrm41_1741724082] => 
                    [ufCrm41_1741724122] => 
                    [assignedById] => 5948
                    [lastActivityBy] => 21
                    [lastActivityTime] => 2025-05-30T06:35:20+03:00
                    [lastCommunicationTime] => 
                    [lastCommunicationCallTime] => 
                    [lastCommunicationEmailTime] => 
                    [lastCommunicationImolTime] => 
                    [lastCommunicationWebformTime] => 
                    [utmSource] => 
                    [utmMedium] => 
                    [utmCampaign] => 
                    [utmContent] => 
                    [utmTerm] => 
                    [observers] => Array
                        (
                        )

                    [contactIds] => Array
                        (
                        )

                    [entityTypeId] => 1054
                )

        )

    [time] => Array
        (
            [start] => 1749196584.3233
            [finish] => 1749196584.4074
            [duration] => 0.084153175354004
            [processing] => 0.062552928924561
            [date_start] => 2025-06-06T10:56:24+03:00
            [date_finish] => 2025-06-06T10:56:24+03:00
            [operating_reset_at] => 1749197184
            [operating] => 0
        )

)

Arquivos encontrados: Array
(
)

URL do arquivo (urlMachine): 
Início da execução do ClickSignController - Função Assinar
Parâmetros recebidos - Cliente: gnappC93fLq7RxKZVp28HswuAYMe1, SPA: 1054, Deal: 1594
Webhook e Token ClickSign recebidos.
Resultado completo do Deal: Array
(
    [result] => Array
        (
            [item] => Array
                (
                    [id] => 1594
                    [xmlId] => 
                    [title] => Gf - 
                    [createdBy] => 21
                    [updatedBy] => 43
                    [movedBy] => 21
                    [createdTime] => 2025-05-30T06:35:20+03:00
                    [updatedTime] => 2025-06-05T13:43:04+03:00
                    [movedTime] => 2025-05-31T23:07:53+03:00
                    [categoryId] => 195
                    [opened] => N
                    [stageId] => DT1054_195:UC_GPZOOS
                    [previousStageId] => DT1054_195:NEW
                    [begindate] => 2025-05-30T03:00:00+03:00
                    [closedate] => 2025-06-06T03:00:00+03:00
                    [companyId] => 145910
                    [contactId] => 0
                    [opportunity] => 10430.23
                    [isManualOpportunity] => Y
                    [taxValue] => 0
                    [currencyId] => BRL
                    [mycompanyId] => 0
                    [sourceId] => CALL
                    [sourceDescription] => 
                    [webformId] => 0
                    [ufCrm41_1742220550] => 
                    [ufCrm41_1742220629] => 
                    [ufCrm41_1727723173] => 
                    [ufCrm41_1727788298] => Solicitante - Gabriel Acker
                    [ufCrm41_1727789848] => DT1054_195:UC_GPZOOS
                    [ufCrm41_1727790382] => 31/05/2025 17:07:53 - Gabriel Acker - Demandas e Projetos/Nome
__________________
31/05/2025 17:07:15 - Gabriel Acker - Demandas e Projetos/Solicitações
__________________
31/05/2025 11:53:51 - Gabriel Acker - Demandas e Projetos/Nome
__________________
31/05/2025 11:53:49 - Gabriel Acker - Demandas e Projetos/Solicitações
__________________
31/05/2025 11:53:13 - Gabriel Acker - Demandas e Projetos/Nome
__________________
31/05/2025 11:53:09 - Gabriel Acker - Demandas e Projetos/Solicitações
__________________
30/05/2025 14:29:53 - Gabriel Acker - Demandas e Projetos/Nome
__________________
30/05/2025 14:29:50 - Gabriel Acker - Demandas e Projetos/Solicitações
__________________
30/05/2025 14:24:30 - Gabriel Acker - Demandas e Projetos/Nome
__________________
30/05/2025 14:24:26 - Gabriel Acker - Demandas e Projetos/Solicitações
__________________
30/05/2025 02:14:46 - Gabriel Acker - Demandas e Projetos/Nome
__________________
30/05/2025 02:14:37 - Gabriel Acker - Demandas e Projetos/Solicitações
__________________
30/05/2025 00:53:29 - Gabriel Acker - Demandas e Projetos/Nome
__________________
30/05/2025 00:53:26 - Gabriel Acker - Demandas e Projetos/Solicitações
__________________
30/05/2025 00:49:33 - Gabriel Acker - Demandas e Projetos/Nome
__________________
30/05/2025 00:49:30 - Gabriel Acker - Demandas e Projetos/Solicitações
__________________
30/05/2025 00:44:27 - Gabriel Acker - Demandas e Projetos/Nome
__________________
30/05/2025 00:44:23 - Gabriel Acker - Demandas e Projetos/Solicitações
__________________
30/05/2025 00:35:25 - Gabriel Acker - Demandas e Projetos/Nome
__________________
30/05/2025 00:35:20 - Gabriel Acker -Demandas e Projetos/Solicitações
                    [ufCrm41_1727793610] => Array
                        (
                        )

                    [ufCrm41_1727793694] => Array
                        (
                        )

                    [ufCrm41_1727793733] => Array
                        (
                        )

                    [ufCrm41_1727805418] => 
                    [ufCrm41_1727811443] => 
                    [ufCrm41_1727877589] => 
                    [ufCrm41_1727879386] => 
                    [ufCrm41_1737477362] => 
                    [ufCrm41_1737477562] => Array
                        (
                        )

                    [ufCrm41_1737516340] => Array
                        (
                        )

                    [ufCrm41_1737643573] => 
                    [ufCrm41_1738938829] => 
                    [ufCrm41_1742074465] => 
                    [ufCrm41_1742074498] => 
                    [ufCrm41_1742082168] => 
                    [ufCrm41_1727788237] => 
                    [ufCrm41_1727788277] => Solicitante - Gabriel Acker
                    [ufCrm41_1727790448] => 31/05/2025 17:07:53 - Gabriel Acker - Demandas e Projetos/Nome
__________________
31/05/2025 17:07:15 - Gabriel Acker - Demandas e Projetos/Solicitações
__________________
31/05/2025 11:53:51 - Gabriel Acker - Demandas e Projetos/Nome
__________________
31/05/2025 11:53:49 - Gabriel Acker - Demandas e Projetos/Solicitações
__________________
31/05/2025 11:53:13 - Gabriel Acker - Demandas e Projetos/Nome
__________________
31/05/2025 11:53:09 - Gabriel Acker - Demandas e Projetos/Solicitações
__________________
30/05/2025 14:29:53 - Gabriel Acker - Demandas e Projetos/Nome
__________________
30/05/2025 14:29:50 - Gabriel Acker - Demandas e Projetos/Solicitações
__________________
30/05/2025 14:24:30 - Gabriel Acker - Demandas e Projetos/Nome
__________________
30/05/2025 14:24:26 - Gabriel Acker - Demandas e Projetos/Solicitações
__________________
30/05/2025 02:14:46 - Gabriel Acker - Demandas e Projetos/Nome
__________________
30/05/2025 02:14:37 - Gabriel Acker - Demandas e Projetos/Solicitações
__________________
30/05/2025 00:53:29 - Gabriel Acker - Demandas e Projetos/Nome
__________________
30/05/2025 00:53:26 - Gabriel Acker - Demandas e Projetos/Solicitações
__________________
30/05/2025 00:49:33 - Gabriel Acker - Demandas e Projetos/Nome
__________________
30/05/2025 00:49:30 - Gabriel Acker - Demandas e Projetos/Solicitações
__________________
30/05/2025 00:44:27 - Gabriel Acker - Demandas e Projetos/Nome
__________________
30/05/2025 00:44:23 - Gabriel Acker - Demandas e Projetos/Solicitações
__________________
30/05/2025 00:35:25 - Gabriel Acker - Demandas e Projetos/Nome
__________________
30/05/2025 00:35:20 - Gabriel Acker -Demandas e Projetos/Solicitações
                    [ufCrm41_1727791063] => 2025-05-31T23:07:54+03:00
                    [ufCrm41_1727793339] => Array
                        (
                            [0] => 8935
                        )

                    [ufCrm41_1727793536] => 
                    [ufCrm41_1727802471] => 
                    [ufCrm41_1727802593] => Array
                        (
                            [0] => Array
                                (
                                    [id] => 3052662
                                    [url] => https://gnapp.bitrix24.com.br/bitrix/services/main/ajax.php?action=crm.controller.item.getFile&SITE_ID=s1&entityTypeId=1054&id=1594&fieldName=UF_CRM_41_1727802593&fileId=3052662
                                    [urlMachine] => https://gnapp.bitrix24.com.br/rest/21/348n8xqhp06wp41c/crm.controller.item.getFile/?token=crm%7CYWN0aW9uPWNybS5jb250cm9sbGVyLml0ZW0uZ2V0RmlsZSZTSVRFX0lEPXMxJmVudGl0eVR5cGVJZD0xMDU0JmlkPTE1OTQmZmllbGROYW1lPVVGX0NSTV80MV8xNzI3ODAyNTkzJmZpbGVJZD0zMDUyNjYyJl89eml3MHd2QzV1SjNzeTVUcEdGWmZ6RWxxM2tRRk51SkI%3D%7CImNybS5jb250cm9sbGVyLml0ZW0uZ2V0ZmlsZXxjcm18WVdOMGFXOXVQV055YlM1amIyNTBjbTlzYkdWeUxtbDBaVzB1WjJWMFJtbHNaU1pUU1ZSRlgwbEVQWE14Sm1WdWRHbDBlVlI1Y0dWSlpEMHhNRFUwSm1sa1BURTFPVFFtWm1sbGJHUk9ZVzFsUFZWR1gwTlNUVjgwTVY4eE56STNPREF5TlRrekptWnBiR1ZKWkQwek1EVXlOall5Smw4OWVtbDNNSGQyUXpWMVNqTnplVFZVY0VkR1dtWjZSV3h4TTJ0UlJrNTFTa0k9fDIxfDM0OG44eHFocDA2d3A0MWMi.F31uBcDsoyU339FejMvN6wQ%2FBZ4bBTMkIB%2B9H1kp8xg%3D
                                )

                        )

                    [ufCrm41_1727805215] => 2025-06-12T03:00:00+03:00
                    [ufCrm41_1727805331] => Array
                        (
                        )

                    [ufCrm41_1727808278] => Array
                        (
                        )

                    [ufCrm41_1727873180] => 
                    [ufCrm41_1727877194] => Array
                        (
                        )

                    [ufCrm41_1737476071] => Gf
                    [ufCrm41_1737476106] => 
                    [ufCrm41_1737476188] => 
                    [ufCrm41_1737476204] => 
                    [ufCrm41_1737476250] => 
                    [ufCrm41_1737476320] => 
                    [ufCrm41_1737476922] => 
                    [ufCrm41_1737477617] => 
                    [ufCrm41_1737477674] => www.teste.com
                    [ufCrm41_1737477724] => gabriel acker123
                    [ufCrm41_1737476157] => Array
                        (
                        )

                    [ufCrm41_1737479460] => 
                    [ufCrm41_1737479526] => 
                    [ufCrm41_1737516173] => 
                    [ufCrm41_1737637642] => 
                    [ufCrm41_1737639200] => 
                    [ufCrm41_1737639536] => Array
                        (
                        )

                    [ufCrm41_1737672853] => 
                    [ufCrm41_1739794729] => 
                    [ufCrm41_1742071141] => 
                    [ufCrm41_1742071165] => 
                    [ufCrm41_1742071203] => 
                    [ufCrm41_1742071219] => 
                    [ufCrm41_1742071291] => 
                    [ufCrm41_1742071328] => 
                    [ufCrm41_1742071347] => 
                    [ufCrm41_1742074518] => 
                    [ufCrm41_1742081702] => 
                    [ufCrm41_1742299164] => 
                    [ufCrm41_1742302773] => Array
                        (
                        )

                    [ufCrm41_1745417295] => 
                    [ufCrm41_1745417489] => Array
                        (
                        )

                    [ufCrm41_1747700402] => Array
                        (
                            [0] => 8935
                        )

                    [ufCrm41_1747700459] => Array
                        (
                        )

                    [ufCrm41_1741724001] => 
                    [ufCrm41_1741724082] => 
                    [ufCrm41_1741724122] => 
                    [assignedById] => 5948
                    [lastActivityBy] => 21
                    [lastActivityTime] => 2025-05-30T06:35:20+03:00
                    [lastCommunicationTime] => 
                    [lastCommunicationCallTime] => 
                    [lastCommunicationEmailTime] => 
                    [lastCommunicationImolTime] => 
                    [lastCommunicationWebformTime] => 
                    [utmSource] => 
                    [utmMedium] => 
                    [utmCampaign] => 
                    [utmContent] => 
                    [utmTerm] => 
                    [observers] => Array
                        (
                        )

                    [contactIds] => Array
                        (
                        )

                    [entityTypeId] => 1054
                )

        )

    [time] => Array
        (
            [start] => 1749196732.3116
            [finish] => 1749196732.3882
            [duration] => 0.076560020446777
            [processing] => 0.057893991470337
            [date_start] => 2025-06-06T10:58:52+03:00
            [date_finish] => 2025-06-06T10:58:52+03:00
            [operating_reset_at] => 1749197332
            [operating] => 0
        )

)

Resultado completo do CRM Company: Array
(
    [ID] => 145910
    [COMPANY_TYPE] => UC_YAPCP3
    [TITLE] => 55.364.436 GUSTAVO FREITAS METZ
    [LOGO] => 
    [LEAD_ID] => 
    [HAS_PHONE] => Y
    [HAS_EMAIL] => N
    [HAS_IMOL] => N
    [ASSIGNED_BY_ID] => 43
    [CREATED_BY_ID] => 0
    [MODIFY_BY_ID] => 43
    [BANKING_DETAILS] => 
    [INDUSTRY] => IT
    [REVENUE] => 0
    [CURRENCY_ID] => BRL
    [EMPLOYEES] => EMPLOYEES_1
    [COMMENTS] => 
    [DATE_CREATE] => 2025-03-18T00:21:44+03:00
    [DATE_MODIFY] => 2025-06-05T13:43:04+03:00
    [OPENED] => Y
    [IS_MY_COMPANY] => N
    [ORIGINATOR_ID] => 
    [ORIGIN_ID] => 
    [ORIGIN_VERSION] => 
    [LAST_ACTIVITY_TIME] => 2025-03-18T00:21:44+03:00
    [ADDRESS] => RUA ALBERTO TORRES,  100 - MORADA DO VALE I, GRAVATAI-RS - 94110210
    [ADDRESS_2] => 
    [ADDRESS_CITY] => 
    [ADDRESS_POSTAL_CODE] => 
    [ADDRESS_REGION] => 
    [ADDRESS_PROVINCE] => 
    [ADDRESS_COUNTRY] => 
    [ADDRESS_COUNTRY_CODE] => 
    [ADDRESS_LOC_ADDR_ID] => 188216
    [ADDRESS_LEGAL] => 
    [REG_ADDRESS] => 
    [REG_ADDRESS_2] => 
    [REG_ADDRESS_CITY] => 
    [REG_ADDRESS_POSTAL_CODE] => 
    [REG_ADDRESS_REGION] => 
    [REG_ADDRESS_PROVINCE] => 
    [REG_ADDRESS_COUNTRY] => 
    [REG_ADDRESS_COUNTRY_CODE] => 
    [REG_ADDRESS_LOC_ADDR_ID] => 
    [UTM_SOURCE] => 
    [UTM_MEDIUM] => 
    [UTM_CAMPAIGN] => 
    [UTM_CONTENT] => 
    [UTM_TERM] => 
    [PARENT_ID_151] => 
    [PARENT_ID_190] => 
    [LAST_ACTIVITY_BY] => 0
    [LAST_COMMUNICATION_TIME] => 
    [UF_CRM_1672756673] => Array
        (
        )

    [UF_CRM_1688673341] => Array
        (
        )

    [UF_CRM_1691163730] => 2024-06-03T03:00:00+03:00
    [UF_CRM_1691163958] => 
    [UF_CRM_1691164127] => Array
        (
        )

    [UF_CRM_1691164128] => Array
        (
        )

    [UF_CRM_1691165765] => Array
        (
        )

    [UF_CRM_1691165766] => Array
        (
        )

    [UF_CRM_1691165767] => Array
        (
        )

    [UF_CRM_1691166110] => 
    [UF_CRM_1691166561] => 
    [UF_CRM_1692234818] => 55.364.436/0001-51
    [UF_CRM_1692235352] => 14025
    [UF_CRM_1693664292] => Array
        (
        )

    [UF_CRM_1693664339] => 
    [UF_CRM_1695274264] => Array
        (
        )

    [UF_CRM_1695274465] => 
    [UF_CRM_1696339800] => ATIVA
    [UF_CRM_1696339884] => Empresário (Individual)
    [UF_CRM_1696340002] => MICRO EMPRESA
    [UF_CRM_1696340066] => 1000|BRL
    [UF_CRM_1702488807] => 
    [UF_CRM_1702488871] => 
    [UF_CRM_1704219480] => 
    [UF_CRM_1704323710] => 
    [UF_CRM_1704323923] => 100
    [UF_CRM_1704387779] => 
    [UF_CRM_1704387804] => 
    [UF_CRM_1704394229] => 
    [UF_CRM_1704481636] => 
    [UF_CRM_1643894689490] => 55.364.436 GUSTAVO FREITAS METZ
    [UF_CRM_1644258897404] => 
    [UF_CRM_1645140434] => 
    [UF_CRM_1701979153] => 
    [UF_CRM_1701979154] => 
    [UF_CRM_1701979155] => 
    [UF_CRM_1701979156] => 
    [UF_CRM_1701979157] => 
    [UF_CRM_1701979158] => 
    [UF_CRM_1701979291] => 
    [UF_CRM_1701979515] => 
    [UF_CRM_1709056424] => 
    [UF_CRM_1641692149709] => 
    [UF_CRM_1645141153] => 
    [UF_CRM_1645141733685] => 8219999 - Preparação de documentos e serviços especializados de apoio administrativo não especificados anteriormente
    [UF_CRM_1657666552] => 
    [UF_CRM_1668631002] => 
    [UF_CRM_1669655801] => 
    [UF_CRM_1694551535] => Array
        (
        )

    [UF_CRM_1645560767614] => 
    [UF_CRM_1651170686] => 373
    [UF_CRM_1668600759] => 
    [UF_CRM_1668600791] => 
    [UF_CRM_1668600820] => 
    [UF_CRM_1668600839] => 
    [UF_CRM_1668600890] => 
    [UF_CRM_1668600920] => 
    [UF_CRM_1668600942] => 
    [UF_CRM_1668600970] => 
    [UF_CRM_1668600988] => 
    [UF_CRM_1668601040] => 
    [UF_CRM_1668601060] => 
    [UF_CRM_COMPANY_1669406774451] => 
    [UF_CRM_1674137335599] => 
    [UF_CRM_1674137383518] => 
    [UF_CRM_1674236475] => 
    [UF_CRM_1674562822] => Array
        (
        )

    [UF_CRM_1694199887] => 
    [UF_CRM_1698339110] => Array
        (
        )

    [UF_CRM_1698339214] => Array
        (
        )

    [UF_CRM_1698409204] => 
    [UF_CRM_1698410418] => 
    [UF_CRM_1698411779] => 
    [UF_CRM_1698412075] => 
    [UF_CRM_1700593885] => RS
    [UF_CRM_1700686239] => 
    [UF_CRM_1700760357] => 
    [UF_CRM_1700762638] => 
    [UF_CRM_1700762671] => 
    [UF_CRM_1700763231] => 
    [UF_CRM_1701873029] => 
    [UF_CRM_1701873100] => 
    [UF_CRM_1709159593] => 
    [UF_CRM_1709159875] => Array
        (
        )

    [UF_CRM_1709364332] => 
    [UF_CRM_1709490305] => 
    [UF_CRM_1710270546] => 
    [UF_CRM_1714519513] => 
    [UF_CRM_1714519596] => 
    [UF_CRM_1720722209] => 
    [UF_CRM_1721841610] => 
    [UF_CRM_1721934428] => 
    [UF_CRM_1726241349] => 0
    [UF_CRM_1728504326] => Array
        (
        )

    [UF_CRM_1730400628] => 
    [UF_CRM_1734552039] => 
    [UF_CRM_1739973911] => 
    [UF_CRM_CHATAPP_DIALOG] => 
    [UF_CRM_1740765123] => 
    [UF_CRM_1741988810625] => 0
    [UF_CRM_1743101223] => 
    [UF_CRM_680F7E3837834] => 
    [UF_CRM_680F7E520964A] => 
    [UF_CRM_680F7E7029542] => 
    [UF_CRM_680F7E8D0C5A6] => 
    [UF_CRM_680F7EA9ECFCF] => 
    [UF_CRM_680F7EC6C7B07] => 
    [UF_CRM_1664471352] => 
    [UF_CRM_1710268217] => 0 - 
    [UF_CRM_1733427726] => 
    [UF_CRM_1733767279] => Array
        (
            [0] => 51992254246
            [1] => 55
        )

    [UF_CRM_1733771508] => Gabriel
    [UF_CRM_1733837124] => 
    [UF_CRM_1733848071] => Array
        (
        )

    [UF_CRM_1733886789] => Array
        (
        )

    [UF_CRM_1733921345] => Array
        (
        )

    [UF_CRM_1736364901] => Array
        (
        )

    [UF_CRM_1736365033] => Array
        (
        )

    [UF_CRM_1737035300] => 
    [UF_CRM_1739559465] => 
    [UF_CRM_1739985773] => 
    [UF_CRM_1739990925] => Array
        (
        )

    [UF_CRM_1741356758] => 
    [UF_CRM_1742233369] => 55.364.436 GUSTAVO FREITAS METZ
    [UF_CRM_1742307583] => 
    [UF_CRM_1645191485] => Array
        (
        )

    [UF_CRM_BIRTHDATE] => 
    [UF_CRM_ADDRESS_2] => 
    [UF_CRM_ADDRESS_CITY] => GRAVATAI
    [UF_CRM_ADDRESS_POSTAL_CODE] => 
    [UF_CRM_SOURCE_DESCRIPTION] => 
    [UF_CRM_FULL_ADDRESS] => RUA ALBERTO TORRES,  100 - MORADA DO VALE I, GRAVATAI-RS - 94110210
    [UF_CRM_ADDRESS_REGION] => 
    [UF_CRM_NAME] => 
    [UF_CRM_ADDRESS_COUNTRY] => 
    [UF_CRM_POST] => 
    [UF_CRM_1669746324] => 
    [UF_CRM_1670006149] => 
    [UF_CRM_1669666636] => 
    [UF_CRM_1669745949] => 
    [UF_CRM_1656536665] => 
    [UF_CRM_CONTACT_1669406858435] => 
    [UF_CRM_1669666699] => 
    [UF_CRM_1669666387] => 
    [UF_CRM_1670008770] => 
    [UF_CRM_1669924699] => 
    [UF_CRM_1669672447] => 
    [UF_CRM_1656537830] => 
    [UF_CRM_1656014383] => 
    [UF_CRM_1656014399] => 
    [UF_CRM_1656536744] => 
    [UF_CRM_1669746583] => 
    [UF_CRM_1669662151] => Array
        (
        )

    [UF_CRM_1656537733] => 
    [UF_CRM_1669753303] => 
    [UF_CRM_CONTACT_1669409021562] => 
    [UF_CRM_1669666566] => 
    [UF_CRM_1645032640098] => 
    [UF_CRM_1656537928] => Array
        (
        )

    [UF_CRM_1669745882] => 
    [UF_CRM_1656537768] => Array
        (
        )

    [UF_CRM_1656538152] => Array
        (
        )

    [UF_CRM_1656537694] => 
    [UF_CRM_1669662334] => Array
        (
        )

    [UF_CRM_CONTACT_1669407111265] => 
    [UF_CRM_1670272691] => 
    [UF_CRM_1669664898] => 
    [UF_CRM_1670001510] => 
    [UF_CRM_1669666781] => 
    [UF_CRM_1656014515] => 
    [UF_CRM_1656538007] => Array
        (
        )

    [UF_CRM_1669746560] => 
    [UF_CRM_1669746514] => 
    [UF_CRM_1669746542] => 
    [UF_CRM_1669666619] => 
    [UF_CRM_1656014446] => 
    [UF_CRM_IS_RETURN_CUSTOMER] => 0
    [UF_CRM_ORDER_IDS] => Array
        (
        )

    [UF_CRM_PRODUCT_IDS] => Array
        (
        )

    [UF_CRM_IS_REPEATED_APPROACH] => 0
    [UF_CRM_CLOSEDATE] => 
    [UF_CRM_BEGINDATE] => 
    [UF_CRM_EVENT_DATE] => 
    [UF_CRM_EVENT_DESCRIPTION] => 
    [UF_CRM_CLOSED] => 0
    [UF_CRM_OPPORTUNITY_ACCOUNT] => 
    [UF_CRM_PROBABILITY] => 
    [UF_CRM_OPPORTUNITY] => 
    [UF_CRM_CONTACT_IDS] => Array
        (
        )

    [UF_CRM_ACCOUNT_CURRENCY_ID] => 
    [UF_CRM_CATEGORY_ID] => 
    [UF_CRM_EVENT_ID] => 
    [UF_CRM_COMPANY_ID] => 
    [UF_CRM_ADDRESS_PROVINCE] => 
    [UF_CRM_SOURCE_ID] => 
    [UF_CRM_1669659853] => 
    [UF_CRM_1656536794] => 
    [UF_CRM_1656536990] => 
    [UF_CRM_1645032551297] => 
    [UF_CRM_1718659883] => 
    [UF_CRM_1670018058] => 
    [UF_CRM_1656536814] => 
    [UF_CRM_1669659875] => 
    [UF_CRM_1651148798] => 
    [UF_CRM_1656592471] => 
    [UF_CRM_1696964149] => 
    [UF_CRM_1641693445101] => 55.364.436/0001-51
    [UF_CRM_1723815981] => Array
        (
            [0] => 0 - 
        )

    [UF_CRM_1725039519] => 0
    [UF_CRM_1727112992] => 
    [UF_CRM_1728426454] => 
    [UF_CRM_1732048400] => 
    [UF_CRM_1733341156] => 
    [UF_CRM_1733341212] => 
    [UF_CRM_1733341295] => 
    [UF_CRM_1733341386] => 
    [UF_CRM_1733341452] => 
    [UF_CRM_1736518549] => Array
        (
        )

    [UF_CRM_1736946318] => 
    [UF_CRM_1737419707] => 
    [UF_CRM_1737420202] => 
    [UF_CRM_1737420203] => 
    [UF_CRM_1737420204] => 
    [UF_CRM_1737420435] => Array
        (
        )

    [UF_CRM_1737420610] => 
    [UF_CRM_1737559553] => 
    [UF_CRM_1737559590] => Array
        (
        )

    [UF_CRM_1737560201] => 0
    [UF_CRM_1738847389] => 
    [UF_CRM_1738859879] => 
    [UF_CRM_1739391857] => Array
        (
        )

    [UF_CRM_1739972394] => 
    [UF_CRM_1739990174] => Array
        (
        )

    [UF_CRM_1740054057] => 
    [UF_CRM_1740054110] => 
    [UF_CRM_1740055604] => 
    [UF_CRM_1740068334] => 
    [UF_CRM_1740414581] => 
    [UF_CRM_1740414633] => 
    [UF_CRM_1740414680] => 
    [UF_CRM_1740415222] => Array
        (
        )

    [UF_CRM_1740415329] => Array
        (
        )

    [UF_CRM_1740415552] => 
    [UF_CRM_1740415626] => 
    [UF_CRM_1740659071] => 
    [UF_CRM_1740748163] => 0
    [UF_CRM_1740763026] => 
    [UF_CRM_1740763094] => 
    [UF_CRM_1740763213] => 
    [UF_CRM_1741284183] => 
    [UF_CRM_1741636338] => 
    [UF_CRM_1742303240] => 
    [UF_CRM_1747161329] => 
    [UF_CRM_1748893926] => 
    [UF_CRM_1748893996] => 
    [UF_CRM_1748893997] => 
    [UF_CRM_1748893998] => 
    [UF_CRM_1748894247] => 
    [UF_CRM_1748894311] => 
    [UF_CRM_1748894312] => 
    [UF_CRM_1748894313] => 
    [UF_CRM_1748894314] => 
    [UF_CRM_1748894560] => 
    [UF_CRM_1748895739] => 
    [UF_CRM_1748955982] => 
    [UF_CRM_1748983029] => 
    [UF_CRM_1748983103] => 
    [UF_CRM_1728333407] => 
    [UF_CRM_1728333443] => 
    [UF_CRM_1728425720] => 
    [UF_CRM_1728425746] => 
    [UF_CRM_1728425806] => 
    [UF_CRM_1730400554] => 
    [UF_CRM_1730400661] => 
    [UF_CRM_1730400695] => 
    [UF_CRM_1731359024] => Array
        (
        )

    [UF_CRM_1654555006] => 
    [UF_CRM_1709084143] => Array
        (
        )

    [UF_CRM_1709084163] => Array
        (
        )

    [UF_CRM_1644252739] => 
    [UF_CRM_1669408406] => 
    [UF_CRM_1681766968] => 
    [UF_CRM_1671656794] => Array
        (
        )

    [UF_CRM_1671656731] => 
    [UF_CRM_1649985165] => Array
        (
        )

    [UF_CRM_1692725859] => Array
        (
        )

    [UF_CRM_1692725894] => Array
        (
        )

    [UF_CRM_1651149426] => 
    [UF_CRM_1698258210] => 
    [UF_CRM_1701084275] => Array
        (
        )

    [UF_CRM_1656459626] => 
    [UF_CRM_1656459730] => 
    [UF_CRM_1656460526] => Array
        (
        )

    [UF_CRM_1663336172] => 
    [UF_CRM_1663336200] => 
    [UF_CRM_1663336233] => 
    [UF_CRM_1663336249] => 
    [UF_CRM_1672681450] => 
    [UF_CRM_1658794276] => 
    [UF_CRM_1660092874] => Array
        (
        )

    [UF_CRM_1656466269] => 
    [UF_CRM_1657239222] => 
    [UF_CRM_1657239287] => 
    [UF_CRM_1657316773] => 
    [UF_CRM_1657317034] => 
    [UF_CRM_1657317075] => 
    [UF_CRM_1657666567] => 94110210
    [UF_CRM_1657666583] => RUA ALBERTO TORRES
    [UF_CRM_1657666626] => 
    [UF_CRM_1657666659] => FUNDOS
    [UF_CRM_1657666676] => MORADA DO VALE I
    [UF_CRM_1658432974] => 
    [UF_CRM_1658433013] => 
    [UF_CRM_1658591380] => 
    [UF_CRM_1658946081] => 
    [UF_CRM_1658946618] => 
    [UF_CRM_1658964260] => 
    [UF_CRM_1659015910] => 
    [UF_CRM_1659015943] => 
    [UF_CRM_1659015956] => 
    [UF_CRM_1659016000] => 
    [UF_CRM_1659016007] => 
    [UF_CRM_1660100679] => 
    [UF_CRM_1667217509] => 
    [UF_CRM_1667217543] => 
    [UF_CRM_1667217565] => 
    [UF_CRM_1659842331] => Array
        (
        )

    [UF_CRM_1669387590] => 
    [UF_CRM_1669387634] => 
    [UF_CRM_1669644896] => 
    [UF_CRM_1659136269] => 
    [UF_CRM_1661448853] => 
    [UF_CRM_1662408129] => 
    [UF_CRM_1659828591] => 
    [UF_CRM_1664222090] => 
    [UF_CRM_1668373435] => 
    [UF_CRM_1668373436] => 
    [UF_CRM_1668373437] => 
    [UF_CRM_1668373438] => 
    [UF_CRM_1665441256] => 
    [UF_CRM_1663093208] => 
    [UF_CRM_1663097429] => 
    [UF_CRM_1667593061] => 
    [UF_CRM_1668106241221] => 
    [UF_CRM_1668222923] => 
    [UF_CRM_1668390379] => 
    [UF_CRM_1668390405] => 
    [UF_CRM_1668390406] => 
    [UF_CRM_1668390407] => 
    [UF_CRM_1668390408] => 
    [UF_CRM_1668390409] => 
    [UF_CRM_1669655802] => 
    [UF_CRM_1669655803] => 
    [UF_CRM_1669655968] => 
    [UF_CRM_1669659326] => 
    [UF_CRM_1669659348] => 
    [UF_CRM_1669663046] => 
    [UF_CRM_1669665156] => Array
        (
        )

    [UF_CRM_1669914077] => 
    [UF_CRM_1670001427] => 
    [UF_CRM_1670272797] => 
    [UF_CRM_1670274109] => 
    [UF_CRM_1670529900] => 
    [UF_CRM_1672683523] => Array
        (
        )

    [UF_CRM_1670268366] => 
    [UF_CRM_1670268383] => 
    [UF_CRM_1670268846] => 
    [UF_CRM_1670261459] => 5192254246
    [UF_CRM_1696339093] => 
    [UF_CRM_1696352922] => 
    [UF_CRM_1696352975] => 
    [UF_CRM_1696353042] => 
    [UF_CRM_1699556924] => 
    [UF_CRM_1673377642] => 
    [UF_CRM_1673621580] => 
    [UF_CRM_1673621656] => 
    [UF_CRM_1673621679] => 
    [UF_CRM_1673542575] => 
    [UF_CRM_1673543092] => 
    [UF_CRM_1673621123] => 
    [UF_CRM_1673621766] => Informar caso conferencia seja pelo Cliente
    [UF_CRM_1682262271] => 
    [UF_CRM_1671571578] => 
    [UF_CRM_1657836239] => 
    [UF_CRM_1657909972] => 
    [UF_CRM_1666135487] => Array
        (
        )

    [UF_CRM_1666135488] => Array
        (
        )

    [UF_CRM_1666135498] => Array
        (
        )

    [UF_CRM_1666135579] => Array
        (
        )

    [UF_CRM_1666378194] => Array
        (
        )

    [UF_CRM_1682364345] => Array
        (
        )

    [UF_CRM_1669657721] => Array
        (
        )

    [UF_CRM_1682595010] => 
    [UF_CRM_1672865443] => 
    [UF_CRM_1673634981] => 
    [UF_CRM_1666008119] => 
    [UF_CRM_1666008144] => 
    [UF_CRM_1666008160] => 
    [UF_CRM_1666008181] => 
    [UF_CRM_1666008218] => 
    [UF_CRM_1666008267] => 
    [UF_CRM_1666207790] => 
    [UF_CRM_1666472411] => 
    [UF_CRM_1666126475] => 
    [UF_CRM_1681905036] => 10067
    [UF_CRM_1679078958] => 
    [UF_CRM_1681130844] => 
    [UF_CRM_1681238133522] => 
    [UF_CRM_1683137552] => 
    [UF_CRM_1679089998] => 
    [UF_CRM_1679509692] => 
    [UF_CRM_1679698054] => 9729
    [UF_CRM_1681490243] => 
    [UF_CRM_1681493265] => 
    [UF_CRM_1681498820] => 
    [UF_CRM_1681498867] => 
    [UF_CRM_1683637174] => Array
        (
        )

    [UF_CRM_1683656028] => Array
        (
        )

    [UF_CRM_1681929855] => 
    [UF_CRM_1685473431] => 
    [UF_CRM_1699379326] => 
    [UF_CRM_1699376333] => 
    [UF_CRM_1699898036] => 
    [UF_CRM_1684436968] => Array
        (
        )

    [UF_CRM_1684436969] => Array
        (
        )

    [UF_CRM_1684436970] => Array
        (
        )

    [UF_CRM_1684436971] => Array
        (
        )

    [UF_CRM_1684436972] => Array
        (
        )

    [UF_CRM_1684437176] => Array
        (
        )

    [UF_CRM_1695306238] => Array
        (
        )

    [UF_CRM_1695306320] => Array
        (
        )

    [UF_CRM_1690305735] => 
    [UF_CRM_1691097632] => 
    [UF_CRM_1700167814] => Array
        (
        )

    [UF_CRM_1683567742] => 
    [UF_CRM_1683569755] => 
    [UF_CRM_1683571444] => 
    [UF_CRM_1683572312] => 
    [UF_CRM_1683572756] => 
    [UF_CRM_1683580042] => 
    [UF_CRM_1683580422] => 
    [UF_CRM_1683580674] => 
    [UF_CRM_1683581010] => 
    [UF_CRM_1683581343] => 
    [UF_CRM_1683584200] => 
    [UF_CRM_1683585279] => 
    [UF_CRM_1683588803] => 
    [UF_CRM_1683636841] => 
    [UF_CRM_1683637355] => 
    [UF_CRM_1683637666] => 
    [UF_CRM_1683639822] => 
    [UF_CRM_1683640233] => 
    [UF_CRM_1683656343] => 
    [UF_CRM_1683853526] => 
    [UF_CRM_1683853655] => 
    [UF_CRM_1683853683] => 
    [UF_CRM_1683853708] => 
    [UF_CRM_1683853774] => 
    [UF_CRM_1683853801] => 
    [UF_CRM_1684469907] => 
    [UF_CRM_1686144443] => 
    [UF_CRM_1691695868] => 
    [UF_CRM_1691695902] => 
    [UF_CRM_1691695925] => 
    [UF_CRM_1691695941] => 
    [UF_CRM_1691695956] => 
    [UF_CRM_1692131168] => 
    [UF_CRM_1693249503] => 
    [UF_CRM_1694551455] => Array
        (
        )

    [PHONE] => Array
        (
            [0] => Array
                (
                    [ID] => 395530
                    [VALUE_TYPE] => WORK
                    [VALUE] => 51992254246
                    [TYPE_ID] => PHONE
                )

            [1] => Array
                (
                    [ID] => 395532
                    [VALUE_TYPE] => WORK
                    [VALUE] => 55
                    [TYPE_ID] => PHONE
                )

        )

)

Arquivos encontrados: Array
(
)

URL do arquivo (urlMachine): 
Início da execução do ClickSignController - Função Assinar
Parâmetros recebidos - Cliente: gnappC93fLq7RxKZVp28HswuAYMe1, SPA: 1054, Deal: 1594
Webhook e Token ClickSign recebidos.
Resultado completo do Deal: Array
(
    [result] => Array
        (
            [item] => Array
                (
                    [id] => 1594
                    [xmlId] => 
                    [title] => Gf - 
                    [createdBy] => 21
                    [updatedBy] => 43
                    [movedBy] => 21
                    [createdTime] => 2025-05-30T06:35:20+03:00
                    [updatedTime] => 2025-06-05T13:43:04+03:00
                    [movedTime] => 2025-05-31T23:07:53+03:00
                    [categoryId] => 195
                    [opened] => N
                    [stageId] => DT1054_195:UC_GPZOOS
                    [previousStageId] => DT1054_195:NEW
                    [begindate] => 2025-05-30T03:00:00+03:00
                    [closedate] => 2025-06-06T03:00:00+03:00
                    [companyId] => 145910
                    [contactId] => 0
                    [opportunity] => 10430.23
                    [isManualOpportunity] => Y
                    [taxValue] => 0
                    [currencyId] => BRL
                    [mycompanyId] => 0
                    [sourceId] => CALL
                    [sourceDescription] => 
                    [webformId] => 0
                    [ufCrm41_1742220550] => 
                    [ufCrm41_1742220629] => 
                    [ufCrm41_1727723173] => 
                    [ufCrm41_1727788298] => Solicitante - Gabriel Acker
                    [ufCrm41_1727789848] => DT1054_195:UC_GPZOOS
                    [ufCrm41_1727790382] => 31/05/2025 17:07:53 - Gabriel Acker - Demandas e Projetos/Nome
__________________
31/05/2025 17:07:15 - Gabriel Acker - Demandas e Projetos/Solicitações
__________________
31/05/2025 11:53:51 - Gabriel Acker - Demandas e Projetos/Nome
__________________
31/05/2025 11:53:49 - Gabriel Acker - Demandas e Projetos/Solicitações
__________________
31/05/2025 11:53:13 - Gabriel Acker - Demandas e Projetos/Nome
__________________
31/05/2025 11:53:09 - Gabriel Acker - Demandas e Projetos/Solicitações
__________________
30/05/2025 14:29:53 - Gabriel Acker - Demandas e Projetos/Nome
__________________
30/05/2025 14:29:50 - Gabriel Acker - Demandas e Projetos/Solicitações
__________________
30/05/2025 14:24:30 - Gabriel Acker - Demandas e Projetos/Nome
__________________
30/05/2025 14:24:26 - Gabriel Acker - Demandas e Projetos/Solicitações
__________________
30/05/2025 02:14:46 - Gabriel Acker - Demandas e Projetos/Nome
__________________
30/05/2025 02:14:37 - Gabriel Acker - Demandas e Projetos/Solicitações
__________________
30/05/2025 00:53:29 - Gabriel Acker - Demandas e Projetos/Nome
__________________
30/05/2025 00:53:26 - Gabriel Acker - Demandas e Projetos/Solicitações
__________________
30/05/2025 00:49:33 - Gabriel Acker - Demandas e Projetos/Nome
__________________
30/05/2025 00:49:30 - Gabriel Acker - Demandas e Projetos/Solicitações
__________________
30/05/2025 00:44:27 - Gabriel Acker - Demandas e Projetos/Nome
__________________
30/05/2025 00:44:23 - Gabriel Acker - Demandas e Projetos/Solicitações
__________________
30/05/2025 00:35:25 - Gabriel Acker - Demandas e Projetos/Nome
__________________
30/05/2025 00:35:20 - Gabriel Acker -Demandas e Projetos/Solicitações
                    [ufCrm41_1727793610] => Array
                        (
                        )

                    [ufCrm41_1727793694] => Array
                        (
                        )

                    [ufCrm41_1727793733] => Array
                        (
                        )

                    [ufCrm41_1727805418] => 
                    [ufCrm41_1727811443] => 
                    [ufCrm41_1727877589] => 
                    [ufCrm41_1727879386] => 
                    [ufCrm41_1737477362] => 
                    [ufCrm41_1737477562] => Array
                        (
                        )

                    [ufCrm41_1737516340] => Array
                        (
                        )

                    [ufCrm41_1737643573] => 
                    [ufCrm41_1738938829] => 
                    [ufCrm41_1742074465] => 
                    [ufCrm41_1742074498] => 
                    [ufCrm41_1742082168] => 
                    [ufCrm41_1727788237] => 
                    [ufCrm41_1727788277] => Solicitante - Gabriel Acker
                    [ufCrm41_1727790448] => 31/05/2025 17:07:53 - Gabriel Acker - Demandas e Projetos/Nome
__________________
31/05/2025 17:07:15 - Gabriel Acker - Demandas e Projetos/Solicitações
__________________
31/05/2025 11:53:51 - Gabriel Acker - Demandas e Projetos/Nome
__________________
31/05/2025 11:53:49 - Gabriel Acker - Demandas e Projetos/Solicitações
__________________
31/05/2025 11:53:13 - Gabriel Acker - Demandas e Projetos/Nome
__________________
31/05/2025 11:53:09 - Gabriel Acker - Demandas e Projetos/Solicitações
__________________
30/05/2025 14:29:53 - Gabriel Acker - Demandas e Projetos/Nome
__________________
30/05/2025 14:29:50 - Gabriel Acker - Demandas e Projetos/Solicitações
__________________
30/05/2025 14:24:30 - Gabriel Acker - Demandas e Projetos/Nome
__________________
30/05/2025 14:24:26 - Gabriel Acker - Demandas e Projetos/Solicitações
__________________
30/05/2025 02:14:46 - Gabriel Acker - Demandas e Projetos/Nome
__________________
30/05/2025 02:14:37 - Gabriel Acker - Demandas e Projetos/Solicitações
__________________
30/05/2025 00:53:29 - Gabriel Acker - Demandas e Projetos/Nome
__________________
30/05/2025 00:53:26 - Gabriel Acker - Demandas e Projetos/Solicitações
__________________
30/05/2025 00:49:33 - Gabriel Acker - Demandas e Projetos/Nome
__________________
30/05/2025 00:49:30 - Gabriel Acker - Demandas e Projetos/Solicitações
__________________
30/05/2025 00:44:27 - Gabriel Acker - Demandas e Projetos/Nome
__________________
30/05/2025 00:44:23 - Gabriel Acker - Demandas e Projetos/Solicitações
__________________
30/05/2025 00:35:25 - Gabriel Acker - Demandas e Projetos/Nome
__________________
30/05/2025 00:35:20 - Gabriel Acker -Demandas e Projetos/Solicitações
                    [ufCrm41_1727791063] => 2025-05-31T23:07:54+03:00
                    [ufCrm41_1727793339] => Array
                        (
                            [0] => 8935
                        )

                    [ufCrm41_1727793536] => 
                    [ufCrm41_1727802471] => 
                    [ufCrm41_1727802593] => Array
                        (
                            [0] => Array
                                (
                                    [id] => 3052662
                                    [url] => https://gnapp.bitrix24.com.br/bitrix/services/main/ajax.php?action=crm.controller.item.getFile&SITE_ID=s1&entityTypeId=1054&id=1594&fieldName=UF_CRM_41_1727802593&fileId=3052662
                                    [urlMachine] => https://gnapp.bitrix24.com.br/rest/21/348n8xqhp06wp41c/crm.controller.item.getFile/?token=crm%7CYWN0aW9uPWNybS5jb250cm9sbGVyLml0ZW0uZ2V0RmlsZSZTSVRFX0lEPXMxJmVudGl0eVR5cGVJZD0xMDU0JmlkPTE1OTQmZmllbGROYW1lPVVGX0NSTV80MV8xNzI3ODAyNTkzJmZpbGVJZD0zMDUyNjYyJl89b1NXaDJVMTdRdnFXeVVmNHAzYzlvMnBTUERBWFRKY0M%3D%7CImNybS5jb250cm9sbGVyLml0ZW0uZ2V0ZmlsZXxjcm18WVdOMGFXOXVQV055YlM1amIyNTBjbTlzYkdWeUxtbDBaVzB1WjJWMFJtbHNaU1pUU1ZSRlgwbEVQWE14Sm1WdWRHbDBlVlI1Y0dWSlpEMHhNRFUwSm1sa1BURTFPVFFtWm1sbGJHUk9ZVzFsUFZWR1gwTlNUVjgwTVY4eE56STNPREF5TlRrekptWnBiR1ZKWkQwek1EVXlOall5Smw4OWIxTlhhREpWTVRkUmRuRlhlVlZtTkhBell6bHZNbkJUVUVSQldGUktZME09fDIxfDM0OG44eHFocDA2d3A0MWMi.XOzJhomK7NsXPFStDuvOqRWBHrvqk3tyyygZqy%2BDtHA%3D
                                )

                        )

                    [ufCrm41_1727805215] => 2025-06-12T03:00:00+03:00
                    [ufCrm41_1727805331] => Array
                        (
                        )

                    [ufCrm41_1727808278] => Array
                        (
                        )

                    [ufCrm41_1727873180] => 
                    [ufCrm41_1727877194] => Array
                        (
                        )

                    [ufCrm41_1737476071] => Gf
                    [ufCrm41_1737476106] => 
                    [ufCrm41_1737476188] => 
                    [ufCrm41_1737476204] => 
                    [ufCrm41_1737476250] => 
                    [ufCrm41_1737476320] => 
                    [ufCrm41_1737476922] => 
                    [ufCrm41_1737477617] => 
                    [ufCrm41_1737477674] => www.teste.com
                    [ufCrm41_1737477724] => gabriel acker123
                    [ufCrm41_1737476157] => Array
                        (
                        )

                    [ufCrm41_1737479460] => 
                    [ufCrm41_1737479526] => 
                    [ufCrm41_1737516173] => 
                    [ufCrm41_1737637642] => 
                    [ufCrm41_1737639200] => 
                    [ufCrm41_1737639536] => Array
                        (
                        )

                    [ufCrm41_1737672853] => 
                    [ufCrm41_1739794729] => 
                    [ufCrm41_1742071141] => 
                    [ufCrm41_1742071165] => 
                    [ufCrm41_1742071203] => 
                    [ufCrm41_1742071219] => 
                    [ufCrm41_1742071291] => 
                    [ufCrm41_1742071328] => 
                    [ufCrm41_1742071347] => 
                    [ufCrm41_1742074518] => 
                    [ufCrm41_1742081702] => 
                    [ufCrm41_1742299164] => 
                    [ufCrm41_1742302773] => Array
                        (
                        )

                    [ufCrm41_1745417295] => 
                    [ufCrm41_1745417489] => Array
                        (
                        )

                    [ufCrm41_1747700402] => Array
                        (
                            [0] => 8935
                        )

                    [ufCrm41_1747700459] => Array
                        (
                        )

                    [ufCrm41_1741724001] => 
                    [ufCrm41_1741724082] => 
                    [ufCrm41_1741724122] => 
                    [assignedById] => 5948
                    [lastActivityBy] => 21
                    [lastActivityTime] => 2025-05-30T06:35:20+03:00
                    [lastCommunicationTime] => 
                    [lastCommunicationCallTime] => 
                    [lastCommunicationEmailTime] => 
                    [lastCommunicationImolTime] => 
                    [lastCommunicationWebformTime] => 
                    [utmSource] => 
                    [utmMedium] => 
                    [utmCampaign] => 
                    [utmContent] => 
                    [utmTerm] => 
                    [observers] => Array
                        (
                        )

                    [contactIds] => Array
                        (
                        )

                    [entityTypeId] => 1054
                )

        )

    [time] => Array
        (
            [start] => 1749196884.5861
            [finish] => 1749196884.6674
            [duration] => 0.081254005432129
            [processing] => 0.062278985977173
            [date_start] => 2025-06-06T11:01:24+03:00
            [date_finish] => 2025-06-06T11:01:24+03:00
            [operating_reset_at] => 1749197484
            [operating] => 0
        )

)

Resultado completo do CRM Company: Array
(
    [ID] => 145910
    [COMPANY_TYPE] => UC_YAPCP3
    [TITLE] => 55.364.436 GUSTAVO FREITAS METZ
    [LOGO] => 
    [LEAD_ID] => 
    [HAS_PHONE] => Y
    [HAS_EMAIL] => N
    [HAS_IMOL] => N
    [ASSIGNED_BY_ID] => 43
    [CREATED_BY_ID] => 0
    [MODIFY_BY_ID] => 43
    [BANKING_DETAILS] => 
    [INDUSTRY] => IT
    [REVENUE] => 0
    [CURRENCY_ID] => BRL
    [EMPLOYEES] => EMPLOYEES_1
    [COMMENTS] => 
    [DATE_CREATE] => 2025-03-18T00:21:44+03:00
    [DATE_MODIFY] => 2025-06-05T13:43:04+03:00
    [OPENED] => Y
    [IS_MY_COMPANY] => N
    [ORIGINATOR_ID] => 
    [ORIGIN_ID] => 
    [ORIGIN_VERSION] => 
    [LAST_ACTIVITY_TIME] => 2025-03-18T00:21:44+03:00
    [ADDRESS] => RUA ALBERTO TORRES,  100 - MORADA DO VALE I, GRAVATAI-RS - 94110210
    [ADDRESS_2] => 
    [ADDRESS_CITY] => 
    [ADDRESS_POSTAL_CODE] => 
    [ADDRESS_REGION] => 
    [ADDRESS_PROVINCE] => 
    [ADDRESS_COUNTRY] => 
    [ADDRESS_COUNTRY_CODE] => 
    [ADDRESS_LOC_ADDR_ID] => 188216
    [ADDRESS_LEGAL] => 
    [REG_ADDRESS] => 
    [REG_ADDRESS_2] => 
    [REG_ADDRESS_CITY] => 
    [REG_ADDRESS_POSTAL_CODE] => 
    [REG_ADDRESS_REGION] => 
    [REG_ADDRESS_PROVINCE] => 
    [REG_ADDRESS_COUNTRY] => 
    [REG_ADDRESS_COUNTRY_CODE] => 
    [REG_ADDRESS_LOC_ADDR_ID] => 
    [UTM_SOURCE] => 
    [UTM_MEDIUM] => 
    [UTM_CAMPAIGN] => 
    [UTM_CONTENT] => 
    [UTM_TERM] => 
    [PARENT_ID_151] => 
    [PARENT_ID_190] => 
    [LAST_ACTIVITY_BY] => 0
    [LAST_COMMUNICATION_TIME] => 
    [UF_CRM_1672756673] => Array
        (
        )

    [UF_CRM_1688673341] => Array
        (
        )

    [UF_CRM_1691163730] => 2024-06-03T03:00:00+03:00
    [UF_CRM_1691163958] => 
    [UF_CRM_1691164127] => Array
        (
        )

    [UF_CRM_1691164128] => Array
        (
        )

    [UF_CRM_1691165765] => Array
        (
        )

    [UF_CRM_1691165766] => Array
        (
        )

    [UF_CRM_1691165767] => Array
        (
        )

    [UF_CRM_1691166110] => 
    [UF_CRM_1691166561] => 
    [UF_CRM_1692234818] => 55.364.436/0001-51
    [UF_CRM_1692235352] => 14025
    [UF_CRM_1693664292] => Array
        (
        )

    [UF_CRM_1693664339] => 
    [UF_CRM_1695274264] => Array
        (
        )

    [UF_CRM_1695274465] => 
    [UF_CRM_1696339800] => ATIVA
    [UF_CRM_1696339884] => Empresário (Individual)
    [UF_CRM_1696340002] => MICRO EMPRESA
    [UF_CRM_1696340066] => 1000|BRL
    [UF_CRM_1702488807] => 
    [UF_CRM_1702488871] => 
    [UF_CRM_1704219480] => 
    [UF_CRM_1704323710] => 
    [UF_CRM_1704323923] => 100
    [UF_CRM_1704387779] => 
    [UF_CRM_1704387804] => 
    [UF_CRM_1704394229] => 
    [UF_CRM_1704481636] => 
    [UF_CRM_1643894689490] => 55.364.436 GUSTAVO FREITAS METZ
    [UF_CRM_1644258897404] => 
    [UF_CRM_1645140434] => 
    [UF_CRM_1701979153] => 
    [UF_CRM_1701979154] => 
    [UF_CRM_1701979155] => 
    [UF_CRM_1701979156] => 
    [UF_CRM_1701979157] => 
    [UF_CRM_1701979158] => 
    [UF_CRM_1701979291] => 
    [UF_CRM_1701979515] => 
    [UF_CRM_1709056424] => 
    [UF_CRM_1641692149709] => 
    [UF_CRM_1645141153] => 
    [UF_CRM_1645141733685] => 8219999 - Preparação de documentos e serviços especializados de apoio administrativo não especificados anteriormente
    [UF_CRM_1657666552] => 
    [UF_CRM_1668631002] => 
    [UF_CRM_1669655801] => 
    [UF_CRM_1694551535] => Array
        (
        )

    [UF_CRM_1645560767614] => 
    [UF_CRM_1651170686] => 373
    [UF_CRM_1668600759] => 
    [UF_CRM_1668600791] => 
    [UF_CRM_1668600820] => 
    [UF_CRM_1668600839] => 
    [UF_CRM_1668600890] => 
    [UF_CRM_1668600920] => 
    [UF_CRM_1668600942] => 
    [UF_CRM_1668600970] => 
    [UF_CRM_1668600988] => 
    [UF_CRM_1668601040] => 
    [UF_CRM_1668601060] => 
    [UF_CRM_COMPANY_1669406774451] => 
    [UF_CRM_1674137335599] => 
    [UF_CRM_1674137383518] => 
    [UF_CRM_1674236475] => 
    [UF_CRM_1674562822] => Array
        (
        )

    [UF_CRM_1694199887] => 
    [UF_CRM_1698339110] => Array
        (
        )

    [UF_CRM_1698339214] => Array
        (
        )

    [UF_CRM_1698409204] => 
    [UF_CRM_1698410418] => 
    [UF_CRM_1698411779] => 
    [UF_CRM_1698412075] => 
    [UF_CRM_1700593885] => RS
    [UF_CRM_1700686239] => 
    [UF_CRM_1700760357] => 
    [UF_CRM_1700762638] => 
    [UF_CRM_1700762671] => 
    [UF_CRM_1700763231] => 
    [UF_CRM_1701873029] => 
    [UF_CRM_1701873100] => 
    [UF_CRM_1709159593] => 
    [UF_CRM_1709159875] => Array
        (
        )

    [UF_CRM_1709364332] => 
    [UF_CRM_1709490305] => 
    [UF_CRM_1710270546] => 
    [UF_CRM_1714519513] => 
    [UF_CRM_1714519596] => 
    [UF_CRM_1720722209] => 
    [UF_CRM_1721841610] => 
    [UF_CRM_1721934428] => 
    [UF_CRM_1726241349] => 0
    [UF_CRM_1728504326] => Array
        (
        )

    [UF_CRM_1730400628] => 
    [UF_CRM_1734552039] => 
    [UF_CRM_1739973911] => 
    [UF_CRM_CHATAPP_DIALOG] => 
    [UF_CRM_1740765123] => 
    [UF_CRM_1741988810625] => 0
    [UF_CRM_1743101223] => 
    [UF_CRM_680F7E3837834] => 
    [UF_CRM_680F7E520964A] => 
    [UF_CRM_680F7E7029542] => 
    [UF_CRM_680F7E8D0C5A6] => 
    [UF_CRM_680F7EA9ECFCF] => 
    [UF_CRM_680F7EC6C7B07] => 
    [UF_CRM_1664471352] => 
    [UF_CRM_1710268217] => 0 - 
    [UF_CRM_1733427726] => 
    [UF_CRM_1733767279] => Array
        (
            [0] => 51992254246
            [1] => 55
        )

    [UF_CRM_1733771508] => Gabriel
    [UF_CRM_1733837124] => 
    [UF_CRM_1733848071] => Array
        (
        )

    [UF_CRM_1733886789] => Array
        (
        )

    [UF_CRM_1733921345] => Array
        (
        )

    [UF_CRM_1736364901] => Array
        (
        )

    [UF_CRM_1736365033] => Array
        (
        )

    [UF_CRM_1737035300] => 
    [UF_CRM_1739559465] => 
    [UF_CRM_1739985773] => 
    [UF_CRM_1739990925] => Array
        (
        )

    [UF_CRM_1741356758] => 
    [UF_CRM_1742233369] => 55.364.436 GUSTAVO FREITAS METZ
    [UF_CRM_1742307583] => 
    [UF_CRM_1645191485] => Array
        (
        )

    [UF_CRM_BIRTHDATE] => 
    [UF_CRM_ADDRESS_2] => 
    [UF_CRM_ADDRESS_CITY] => GRAVATAI
    [UF_CRM_ADDRESS_POSTAL_CODE] => 
    [UF_CRM_SOURCE_DESCRIPTION] => 
    [UF_CRM_FULL_ADDRESS] => RUA ALBERTO TORRES,  100 - MORADA DO VALE I, GRAVATAI-RS - 94110210
    [UF_CRM_ADDRESS_REGION] => 
    [UF_CRM_NAME] => 
    [UF_CRM_ADDRESS_COUNTRY] => 
    [UF_CRM_POST] => 
    [UF_CRM_1669746324] => 
    [UF_CRM_1670006149] => 
    [UF_CRM_1669666636] => 
    [UF_CRM_1669745949] => 
    [UF_CRM_1656536665] => 
    [UF_CRM_CONTACT_1669406858435] => 
    [UF_CRM_1669666699] => 
    [UF_CRM_1669666387] => 
    [UF_CRM_1670008770] => 
    [UF_CRM_1669924699] => 
    [UF_CRM_1669672447] => 
    [UF_CRM_1656537830] => 
    [UF_CRM_1656014383] => 
    [UF_CRM_1656014399] => 
    [UF_CRM_1656536744] => 
    [UF_CRM_1669746583] => 
    [UF_CRM_1669662151] => Array
        (
        )

    [UF_CRM_1656537733] => 
    [UF_CRM_1669753303] => 
    [UF_CRM_CONTACT_1669409021562] => 
    [UF_CRM_1669666566] => 
    [UF_CRM_1645032640098] => 
    [UF_CRM_1656537928] => Array
        (
        )

    [UF_CRM_1669745882] => 
    [UF_CRM_1656537768] => Array
        (
        )

    [UF_CRM_1656538152] => Array
        (
        )

    [UF_CRM_1656537694] => 
    [UF_CRM_1669662334] => Array
        (
        )

    [UF_CRM_CONTACT_1669407111265] => 
    [UF_CRM_1670272691] => 
    [UF_CRM_1669664898] => 
    [UF_CRM_1670001510] => 
    [UF_CRM_1669666781] => 
    [UF_CRM_1656014515] => 
    [UF_CRM_1656538007] => Array
        (
        )

    [UF_CRM_1669746560] => 
    [UF_CRM_1669746514] => 
    [UF_CRM_1669746542] => 
    [UF_CRM_1669666619] => 
    [UF_CRM_1656014446] => 
    [UF_CRM_IS_RETURN_CUSTOMER] => 0
    [UF_CRM_ORDER_IDS] => Array
        (
        )

    [UF_CRM_PRODUCT_IDS] => Array
        (
        )

    [UF_CRM_IS_REPEATED_APPROACH] => 0
    [UF_CRM_CLOSEDATE] => 
    [UF_CRM_BEGINDATE] => 
    [UF_CRM_EVENT_DATE] => 
    [UF_CRM_EVENT_DESCRIPTION] => 
    [UF_CRM_CLOSED] => 0
    [UF_CRM_OPPORTUNITY_ACCOUNT] => 
    [UF_CRM_PROBABILITY] => 
    [UF_CRM_OPPORTUNITY] => 
    [UF_CRM_CONTACT_IDS] => Array
        (
        )

    [UF_CRM_ACCOUNT_CURRENCY_ID] => 
    [UF_CRM_CATEGORY_ID] => 
    [UF_CRM_EVENT_ID] => 
    [UF_CRM_COMPANY_ID] => 
    [UF_CRM_ADDRESS_PROVINCE] => 
    [UF_CRM_SOURCE_ID] => 
    [UF_CRM_1669659853] => 
    [UF_CRM_1656536794] => 
    [UF_CRM_1656536990] => 
    [UF_CRM_1645032551297] => 
    [UF_CRM_1718659883] => 
    [UF_CRM_1670018058] => 
    [UF_CRM_1656536814] => 
    [UF_CRM_1669659875] => 
    [UF_CRM_1651148798] => 
    [UF_CRM_1656592471] => 
    [UF_CRM_1696964149] => 
    [UF_CRM_1641693445101] => 55.364.436/0001-51
    [UF_CRM_1723815981] => Array
        (
            [0] => 0 - 
        )

    [UF_CRM_1725039519] => 0
    [UF_CRM_1727112992] => 
    [UF_CRM_1728426454] => 
    [UF_CRM_1732048400] => 
    [UF_CRM_1733341156] => 
    [UF_CRM_1733341212] => 
    [UF_CRM_1733341295] => 
    [UF_CRM_1733341386] => 
    [UF_CRM_1733341452] => 
    [UF_CRM_1736518549] => Array
        (
        )

    [UF_CRM_1736946318] => 
    [UF_CRM_1737419707] => 
    [UF_CRM_1737420202] => 
    [UF_CRM_1737420203] => 
    [UF_CRM_1737420204] => 
    [UF_CRM_1737420435] => Array
        (
        )

    [UF_CRM_1737420610] => 
    [UF_CRM_1737559553] => 
    [UF_CRM_1737559590] => Array
        (
        )

    [UF_CRM_1737560201] => 0
    [UF_CRM_1738847389] => 
    [UF_CRM_1738859879] => 
    [UF_CRM_1739391857] => Array
        (
        )

    [UF_CRM_1739972394] => 
    [UF_CRM_1739990174] => Array
        (
        )

    [UF_CRM_1740054057] => 
    [UF_CRM_1740054110] => 
    [UF_CRM_1740055604] => 
    [UF_CRM_1740068334] => 
    [UF_CRM_1740414581] => 
    [UF_CRM_1740414633] => 
    [UF_CRM_1740414680] => 
    [UF_CRM_1740415222] => Array
        (
        )

    [UF_CRM_1740415329] => Array
        (
        )

    [UF_CRM_1740415552] => 
    [UF_CRM_1740415626] => 
    [UF_CRM_1740659071] => 
    [UF_CRM_1740748163] => 0
    [UF_CRM_1740763026] => 
    [UF_CRM_1740763094] => 
    [UF_CRM_1740763213] => 
    [UF_CRM_1741284183] => 
    [UF_CRM_1741636338] => 
    [UF_CRM_1742303240] => 
    [UF_CRM_1747161329] => 
    [UF_CRM_1748893926] => 
    [UF_CRM_1748893996] => 
    [UF_CRM_1748893997] => 
    [UF_CRM_1748893998] => 
    [UF_CRM_1748894247] => 
    [UF_CRM_1748894311] => 
    [UF_CRM_1748894312] => 
    [UF_CRM_1748894313] => 
    [UF_CRM_1748894314] => 
    [UF_CRM_1748894560] => 
    [UF_CRM_1748895739] => 
    [UF_CRM_1748955982] => 
    [UF_CRM_1748983029] => 
    [UF_CRM_1748983103] => 
    [UF_CRM_1728333407] => 
    [UF_CRM_1728333443] => 
    [UF_CRM_1728425720] => 
    [UF_CRM_1728425746] => 
    [UF_CRM_1728425806] => 
    [UF_CRM_1730400554] => 
    [UF_CRM_1730400661] => 
    [UF_CRM_1730400695] => 
    [UF_CRM_1731359024] => Array
        (
        )

    [UF_CRM_1654555006] => 
    [UF_CRM_1709084143] => Array
        (
        )

    [UF_CRM_1709084163] => Array
        (
        )

    [UF_CRM_1644252739] => 
    [UF_CRM_1669408406] => 
    [UF_CRM_1681766968] => 
    [UF_CRM_1671656794] => Array
        (
        )

    [UF_CRM_1671656731] => 
    [UF_CRM_1649985165] => Array
        (
        )

    [UF_CRM_1692725859] => Array
        (
        )

    [UF_CRM_1692725894] => Array
        (
        )

    [UF_CRM_1651149426] => 
    [UF_CRM_1698258210] => 
    [UF_CRM_1701084275] => Array
        (
        )

    [UF_CRM_1656459626] => 
    [UF_CRM_1656459730] => 
    [UF_CRM_1656460526] => Array
        (
        )

    [UF_CRM_1663336172] => 
    [UF_CRM_1663336200] => 
    [UF_CRM_1663336233] => 
    [UF_CRM_1663336249] => 
    [UF_CRM_1672681450] => 
    [UF_CRM_1658794276] => 
    [UF_CRM_1660092874] => Array
        (
        )

    [UF_CRM_1656466269] => 
    [UF_CRM_1657239222] => 
    [UF_CRM_1657239287] => 
    [UF_CRM_1657316773] => 
    [UF_CRM_1657317034] => 
    [UF_CRM_1657317075] => 
    [UF_CRM_1657666567] => 94110210
    [UF_CRM_1657666583] => RUA ALBERTO TORRES
    [UF_CRM_1657666626] => 
    [UF_CRM_1657666659] => FUNDOS
    [UF_CRM_1657666676] => MORADA DO VALE I
    [UF_CRM_1658432974] => 
    [UF_CRM_1658433013] => 
    [UF_CRM_1658591380] => 
    [UF_CRM_1658946081] => 
    [UF_CRM_1658946618] => 
    [UF_CRM_1658964260] => 
    [UF_CRM_1659015910] => 
    [UF_CRM_1659015943] => 
    [UF_CRM_1659015956] => 
    [UF_CRM_1659016000] => 
    [UF_CRM_1659016007] => 
    [UF_CRM_1660100679] => 
    [UF_CRM_1667217509] => 
    [UF_CRM_1667217543] => 
    [UF_CRM_1667217565] => 
    [UF_CRM_1659842331] => Array
        (
        )

    [UF_CRM_1669387590] => 
    [UF_CRM_1669387634] => 
    [UF_CRM_1669644896] => 
    [UF_CRM_1659136269] => 
    [UF_CRM_1661448853] => 
    [UF_CRM_1662408129] => 
    [UF_CRM_1659828591] => 
    [UF_CRM_1664222090] => 
    [UF_CRM_1668373435] => 
    [UF_CRM_1668373436] => 
    [UF_CRM_1668373437] => 
    [UF_CRM_1668373438] => 
    [UF_CRM_1665441256] => 
    [UF_CRM_1663093208] => 
    [UF_CRM_1663097429] => 
    [UF_CRM_1667593061] => 
    [UF_CRM_1668106241221] => 
    [UF_CRM_1668222923] => 
    [UF_CRM_1668390379] => 
    [UF_CRM_1668390405] => 
    [UF_CRM_1668390406] => 
    [UF_CRM_1668390407] => 
    [UF_CRM_1668390408] => 
    [UF_CRM_1668390409] => 
    [UF_CRM_1669655802] => 
    [UF_CRM_1669655803] => 
    [UF_CRM_1669655968] => 
    [UF_CRM_1669659326] => 
    [UF_CRM_1669659348] => 
    [UF_CRM_1669663046] => 
    [UF_CRM_1669665156] => Array
        (
        )

    [UF_CRM_1669914077] => 
    [UF_CRM_1670001427] => 
    [UF_CRM_1670272797] => 
    [UF_CRM_1670274109] => 
    [UF_CRM_1670529900] => 
    [UF_CRM_1672683523] => Array
        (
        )

    [UF_CRM_1670268366] => 
    [UF_CRM_1670268383] => 
    [UF_CRM_1670268846] => 
    [UF_CRM_1670261459] => 5192254246
    [UF_CRM_1696339093] => 
    [UF_CRM_1696352922] => 
    [UF_CRM_1696352975] => 
    [UF_CRM_1696353042] => 
    [UF_CRM_1699556924] => 
    [UF_CRM_1673377642] => 
    [UF_CRM_1673621580] => 
    [UF_CRM_1673621656] => 
    [UF_CRM_1673621679] => 
    [UF_CRM_1673542575] => 
    [UF_CRM_1673543092] => 
    [UF_CRM_1673621123] => 
    [UF_CRM_1673621766] => Informar caso conferencia seja pelo Cliente
    [UF_CRM_1682262271] => 
    [UF_CRM_1671571578] => 
    [UF_CRM_1657836239] => 
    [UF_CRM_1657909972] => 
    [UF_CRM_1666135487] => Array
        (
        )

    [UF_CRM_1666135488] => Array
        (
        )

    [UF_CRM_1666135498] => Array
        (
        )

    [UF_CRM_1666135579] => Array
        (
        )

    [UF_CRM_1666378194] => Array
        (
        )

    [UF_CRM_1682364345] => Array
        (
        )

    [UF_CRM_1669657721] => Array
        (
        )

    [UF_CRM_1682595010] => 
    [UF_CRM_1672865443] => 
    [UF_CRM_1673634981] => 
    [UF_CRM_1666008119] => 
    [UF_CRM_1666008144] => 
    [UF_CRM_1666008160] => 
    [UF_CRM_1666008181] => 
    [UF_CRM_1666008218] => 
    [UF_CRM_1666008267] => 
    [UF_CRM_1666207790] => 
    [UF_CRM_1666472411] => 
    [UF_CRM_1666126475] => 
    [UF_CRM_1681905036] => 10067
    [UF_CRM_1679078958] => 
    [UF_CRM_1681130844] => 
    [UF_CRM_1681238133522] => 
    [UF_CRM_1683137552] => 
    [UF_CRM_1679089998] => 
    [UF_CRM_1679509692] => 
    [UF_CRM_1679698054] => 9729
    [UF_CRM_1681490243] => 
    [UF_CRM_1681493265] => 
    [UF_CRM_1681498820] => 
    [UF_CRM_1681498867] => 
    [UF_CRM_1683637174] => Array
        (
        )

    [UF_CRM_1683656028] => Array
        (
        )

    [UF_CRM_1681929855] => 
    [UF_CRM_1685473431] => 
    [UF_CRM_1699379326] => 
    [UF_CRM_1699376333] => 
    [UF_CRM_1699898036] => 
    [UF_CRM_1684436968] => Array
        (
        )

    [UF_CRM_1684436969] => Array
        (
        )

    [UF_CRM_1684436970] => Array
        (
        )

    [UF_CRM_1684436971] => Array
        (
        )

    [UF_CRM_1684436972] => Array
        (
        )

    [UF_CRM_1684437176] => Array
        (
        )

    [UF_CRM_1695306238] => Array
        (
        )

    [UF_CRM_1695306320] => Array
        (
        )

    [UF_CRM_1690305735] => 
    [UF_CRM_1691097632] => 
    [UF_CRM_1700167814] => Array
        (
        )

    [UF_CRM_1683567742] => 
    [UF_CRM_1683569755] => 
    [UF_CRM_1683571444] => 
    [UF_CRM_1683572312] => 
    [UF_CRM_1683572756] => 
    [UF_CRM_1683580042] => 
    [UF_CRM_1683580422] => 
    [UF_CRM_1683580674] => 
    [UF_CRM_1683581010] => 
    [UF_CRM_1683581343] => 
    [UF_CRM_1683584200] => 
    [UF_CRM_1683585279] => 
    [UF_CRM_1683588803] => 
    [UF_CRM_1683636841] => 
    [UF_CRM_1683637355] => 
    [UF_CRM_1683637666] => 
    [UF_CRM_1683639822] => 
    [UF_CRM_1683640233] => 
    [UF_CRM_1683656343] => 
    [UF_CRM_1683853526] => 
    [UF_CRM_1683853655] => 
    [UF_CRM_1683853683] => 
    [UF_CRM_1683853708] => 
    [UF_CRM_1683853774] => 
    [UF_CRM_1683853801] => 
    [UF_CRM_1684469907] => 
    [UF_CRM_1686144443] => 
    [UF_CRM_1691695868] => 
    [UF_CRM_1691695902] => 
    [UF_CRM_1691695925] => 
    [UF_CRM_1691695941] => 
    [UF_CRM_1691695956] => 
    [UF_CRM_1692131168] => 
    [UF_CRM_1693249503] => 
    [UF_CRM_1694551455] => Array
        (
        )

    [PHONE] => Array
        (
            [0] => Array
                (
                    [ID] => 395530
                    [VALUE_TYPE] => WORK
                    [VALUE] => 51992254246
                    [TYPE_ID] => PHONE
                )

            [1] => Array
                (
                    [ID] => 395532
                    [VALUE_TYPE] => WORK
                    [VALUE] => 55
                    [TYPE_ID] => PHONE
                )

        )

)

Arquivos encontrados: Array
(
)

URL do arquivo (urlMachine): 
