[05-Jun-2025 12:31:13 UTC] PHP Warning:  require_once(X:\VSCode\apis.kw24.com.br\Apps\controllers\ClickSign/../helpers/BitrixHelper.php): Failed to open stream: No such file or directory in X:\VSCode\apis.kw24.com.br\Apps\controllers\ClickSign\PrepararIntegracaoController.php on line 2
[05-Jun-2025 12:31:13 UTC] PHP Fatal error:  Uncaught Error: Failed opening required 'X:\VSCode\apis.kw24.com.br\Apps\controllers\ClickSign/../helpers/BitrixHelper.php' (include_path='.;C:\php\pear') in X:\VSCode\apis.kw24.com.br\Apps\controllers\ClickSign\PrepararIntegracaoController.php:2
Stack trace:
#0 X:\VSCode\apis.kw24.com.br\Apps\routers\clicksignRoutes.php(7): require_once()
#1 X:\VSCode\apis.kw24.com.br\Apps\index.php(21): require_once('X:\\VSCode\\apis....')
#2 X:\VSCode\apis.kw24.com.br\index.php(8): require_once('X:\\VSCode\\apis....')
#3 {main}
  thrown in X:\VSCode\apis.kw24.com.br\Apps\controllers\ClickSign\PrepararIntegracaoController.php on line 2
[05-Jun-2025 12:32:13 UTC] PHP Fatal error:  Uncaught Error: Call to undefined method dao\AplicacaoAcessoDAO::obterAcessoCompleto() in X:\VSCode\apis.kw24.com.br\Apps\controllers\ClickSign\PrepararIntegracaoController.php:31
Stack trace:
#0 X:\VSCode\apis.kw24.com.br\Apps\controllers\ClickSign\PrepararIntegracaoController.php(91): PrepararIntegracaoController->executar()
#1 X:\VSCode\apis.kw24.com.br\Apps\routers\clicksignRoutes.php(7): require_once('X:\\VSCode\\apis....')
#2 X:\VSCode\apis.kw24.com.br\Apps\index.php(21): require_once('X:\\VSCode\\apis....')
#3 X:\VSCode\apis.kw24.com.br\index.php(8): require_once('X:\\VSCode\\apis....')
#4 {main}
  thrown in X:\VSCode\apis.kw24.com.br\Apps\controllers\ClickSign\PrepararIntegracaoController.php on line 31
[05-Jun-2025 12:34:53 UTC] PHP Fatal error:  Uncaught Error: Call to undefined method PrepararIntegracaoController::preparar() in X:\VSCode\apis.kw24.com.br\Apps\routers\clicksignRoutes.php:10
Stack trace:
#0 X:\VSCode\apis.kw24.com.br\Apps\index.php(21): require_once()
#1 X:\VSCode\apis.kw24.com.br\index.php(8): require_once('X:\\VSCode\\apis....')
#2 {main}
  thrown in X:\VSCode\apis.kw24.com.br\Apps\routers\clicksignRoutes.php on line 10
[05-Jun-2025 13:02:44 UTC] [DEBUG] companyId extraído: 
[05-Jun-2025 13:02:44 UTC] [DEBUG] retorno consultarEmpresa: Array
(
)

[05-Jun-2025 13:02:44 UTC] PHP Fatal error:  Uncaught Error: Call to undefined method PrepararIntegracaoController::preparar() in X:\VSCode\apis.kw24.com.br\Apps\routers\clicksignRoutes.php:10
Stack trace:
#0 X:\VSCode\apis.kw24.com.br\Apps\index.php(21): require_once()
#1 X:\VSCode\apis.kw24.com.br\index.php(8): require_once('X:\\VSCode\\apis....')
#2 {main}
  thrown in X:\VSCode\apis.kw24.com.br\Apps\routers\clicksignRoutes.php on line 10
